0 info it worked if it ends with ok
1 verbose cli [ 'D:\\Program Files\\nodejs\\node.exe',
1 verbose cli   'D:\\Program Files\\nodejs\\node_modules\\npm\\bin\\npm-cli.js',
1 verbose cli   'install',
1 verbose cli   'express' ]
2 info using npm@3.10.10
3 info using node@v6.10.2
4 silly loadCurrentTree Starting
5 silly install loadCurrentTree
6 silly install readLocalPackageData
7 silly fetchPackageMetaData express
8 silly fetchNamedPackageData express
9 silly mapToRegistry name express
10 silly mapToRegistry using default registry
11 silly mapToRegistry registry https://registry.npmjs.org/
12 silly mapToRegistry data Result {
12 silly mapToRegistry   raw: 'express',
12 silly mapToRegistry   scope: null,
12 silly mapToRegistry   escapedName: 'express',
12 silly mapToRegistry   name: 'express',
12 silly mapToRegistry   rawSpec: '',
12 silly mapToRegistry   spec: 'latest',
12 silly mapToRegistry   type: 'tag' }
13 silly mapToRegistry uri https://registry.npmjs.org/express
14 verbose request uri https://registry.npmjs.org/express
15 verbose request no auth needed
16 info attempt registry request try #1 at 21:58:00
17 verbose request id fb38dc92d95b4ad3
18 http request GET https://registry.npmjs.org/express
19 http 200 https://registry.npmjs.org/express
20 verbose headers { server: 'nginx/1.10.1',
20 verbose headers   'content-type': 'application/json',
20 verbose headers   'last-modified': 'Wed, 12 Apr 2017 09:02:53 GMT',
20 verbose headers   etag: 'W/"58eded3d-8bbba"',
20 verbose headers   'content-encoding': 'gzip',
20 verbose headers   'cache-control': 'max-age=300',
20 verbose headers   'content-length': '43407',
20 verbose headers   'accept-ranges': 'bytes',
20 verbose headers   date: 'Wed, 12 Apr 2017 13:58:13 GMT',
20 verbose headers   via: '1.1 varnish',
20 verbose headers   age: '120',
20 verbose headers   connection: 'keep-alive',
20 verbose headers   'x-served-by': 'cache-hkg6824-HKG',
20 verbose headers   'x-cache': 'HIT',
20 verbose headers   'x-cache-hits': '2',
20 verbose headers   'x-timer': 'S1492005494.872014,VS0,VE0',
20 verbose headers   vary: 'Accept-Encoding' }
21 silly get cb [ 200,
21 silly get   { server: 'nginx/1.10.1',
21 silly get     'content-type': 'application/json',
21 silly get     'last-modified': 'Wed, 12 Apr 2017 09:02:53 GMT',
21 silly get     etag: 'W/"58eded3d-8bbba"',
21 silly get     'content-encoding': 'gzip',
21 silly get     'cache-control': 'max-age=300',
21 silly get     'content-length': '43407',
21 silly get     'accept-ranges': 'bytes',
21 silly get     date: 'Wed, 12 Apr 2017 13:58:13 GMT',
21 silly get     via: '1.1 varnish',
21 silly get     age: '120',
21 silly get     connection: 'keep-alive',
21 silly get     'x-served-by': 'cache-hkg6824-HKG',
21 silly get     'x-cache': 'HIT',
21 silly get     'x-cache-hits': '2',
21 silly get     'x-timer': 'S1492005494.872014,VS0,VE0',
21 silly get     vary: 'Accept-Encoding' } ]
22 verbose get saving express to C:\Users\Administrator\AppData\Roaming\npm-cache\registry.npmjs.org\express\.cache.json
23 verbose correctMkdir C:\Users\Administrator\AppData\Roaming\npm-cache correctMkdir not in flight; initializing
24 verbose makeDirectory C:\Users\Administrator\AppData\Roaming\npm-cache creation not in flight; initializing
25 verbose makeCacheDir UID & GID are irrelevant on win32
26 silly install normalizeTree
27 silly loadCurrentTree Finishing
28 silly loadIdealTree Starting
29 silly install loadIdealTree
30 silly cloneCurrentTree Starting
31 silly install cloneCurrentTreeToIdealTree
32 silly cloneCurrentTree Finishing
33 silly loadShrinkwrap Starting
34 silly install loadShrinkwrap
35 silly loadShrinkwrap Finishing
36 silly loadAllDepsIntoIdealTree Starting
37 silly install loadAllDepsIntoIdealTree
38 silly resolveWithNewModule express@4.15.2 checking installable status
39 silly cache add args [ 'express', null ]
40 verbose cache add spec express
41 silly cache add parsed spec Result {
41 silly cache add   raw: 'express',
41 silly cache add   scope: null,
41 silly cache add   escapedName: 'express',
41 silly cache add   name: 'express',
41 silly cache add   rawSpec: '',
41 silly cache add   spec: 'latest',
41 silly cache add   type: 'tag' }
42 silly addNamed express@latest
43 verbose addNamed "latest" is being treated as a dist-tag for express
44 info addNameTag [ 'express', 'latest' ]
45 silly mapToRegistry name express
46 silly mapToRegistry using default registry
47 silly mapToRegistry registry https://registry.npmjs.org/
48 silly mapToRegistry data Result {
48 silly mapToRegistry   raw: 'express',
48 silly mapToRegistry   scope: null,
48 silly mapToRegistry   escapedName: 'express',
48 silly mapToRegistry   name: 'express',
48 silly mapToRegistry   rawSpec: '',
48 silly mapToRegistry   spec: 'latest',
48 silly mapToRegistry   type: 'tag' }
49 silly mapToRegistry uri https://registry.npmjs.org/express
50 verbose addNameTag registry:https://registry.npmjs.org/express not in flight; fetching
51 verbose get https://registry.npmjs.org/express not expired, no request
52 silly addNameTag next cb for express with tag latest
53 silly addNamed express@4.15.2
54 verbose addNamed "4.15.2" is a plain semver version for express
55 silly mapToRegistry name express
56 silly mapToRegistry using default registry
57 silly mapToRegistry registry https://registry.npmjs.org/
58 silly mapToRegistry data Result {
58 silly mapToRegistry   raw: 'express',
58 silly mapToRegistry   scope: null,
58 silly mapToRegistry   escapedName: 'express',
58 silly mapToRegistry   name: 'express',
58 silly mapToRegistry   rawSpec: '',
58 silly mapToRegistry   spec: 'latest',
58 silly mapToRegistry   type: 'tag' }
59 silly mapToRegistry uri https://registry.npmjs.org/express
60 verbose addRemoteTarball https://registry.npmjs.org/express/-/express-4.15.2.tgz not in flight; adding
61 verbose addRemoteTarball [ 'https://registry.npmjs.org/express/-/express-4.15.2.tgz',
61 verbose addRemoteTarball   'af107fc148504457f2dca9a6f2571d7129b97b35' ]
62 info retry fetch attempt 1 at 21:58:08
63 info attempt registry request try #1 at 21:58:08
64 http fetch GET https://registry.npmjs.org/express/-/express-4.15.2.tgz
65 http fetch 200 https://registry.npmjs.org/express/-/express-4.15.2.tgz
66 silly fetchAndShaCheck shasum af107fc148504457f2dca9a6f2571d7129b97b35
67 verbose addTmpTarball C:\Users\ADMINI~1\AppData\Local\Temp\npm-6948-8a21743c\registry.npmjs.org\express\-\express-4.15.2.tgz not in flight; adding
68 verbose addTmpTarball already have metadata; skipping unpack for express@4.15.2
69 verbose correctMkdir C:\Users\Administrator\AppData\Roaming\npm-cache correctMkdir not in flight; initializing
70 silly cache afterAdd express@4.15.2
71 verbose afterAdd C:\Users\Administrator\AppData\Roaming\npm-cache\express\4.15.2\package\package.json not in flight; writing
72 verbose correctMkdir C:\Users\Administrator\AppData\Roaming\npm-cache correctMkdir not in flight; initializing
73 verbose afterAdd C:\Users\Administrator\AppData\Roaming\npm-cache\express\4.15.2\package\package.json written
74 silly fetchNamedPackageData accepts
75 silly mapToRegistry name accepts
76 silly mapToRegistry using default registry
77 silly mapToRegistry registry https://registry.npmjs.org/
78 silly mapToRegistry data Result {
78 silly mapToRegistry   raw: 'accepts',
78 silly mapToRegistry   scope: null,
78 silly mapToRegistry   escapedName: 'accepts',
78 silly mapToRegistry   name: 'accepts',
78 silly mapToRegistry   rawSpec: '',
78 silly mapToRegistry   spec: 'latest',
78 silly mapToRegistry   type: 'tag' }
79 silly mapToRegistry uri https://registry.npmjs.org/accepts
80 silly fetchNamedPackageData array-flatten
81 silly mapToRegistry name array-flatten
82 silly mapToRegistry using default registry
83 silly mapToRegistry registry https://registry.npmjs.org/
84 silly mapToRegistry data Result {
84 silly mapToRegistry   raw: 'array-flatten',
84 silly mapToRegistry   scope: null,
84 silly mapToRegistry   escapedName: 'array-flatten',
84 silly mapToRegistry   name: 'array-flatten',
84 silly mapToRegistry   rawSpec: '',
84 silly mapToRegistry   spec: 'latest',
84 silly mapToRegistry   type: 'tag' }
85 silly mapToRegistry uri https://registry.npmjs.org/array-flatten
86 silly fetchNamedPackageData content-disposition
87 silly mapToRegistry name content-disposition
88 silly mapToRegistry using default registry
89 silly mapToRegistry registry https://registry.npmjs.org/
90 silly mapToRegistry data Result {
90 silly mapToRegistry   raw: 'content-disposition',
90 silly mapToRegistry   scope: null,
90 silly mapToRegistry   escapedName: 'content-disposition',
90 silly mapToRegistry   name: 'content-disposition',
90 silly mapToRegistry   rawSpec: '',
90 silly mapToRegistry   spec: 'latest',
90 silly mapToRegistry   type: 'tag' }
91 silly mapToRegistry uri https://registry.npmjs.org/content-disposition
92 silly fetchNamedPackageData content-type
93 silly mapToRegistry name content-type
94 silly mapToRegistry using default registry
95 silly mapToRegistry registry https://registry.npmjs.org/
96 silly mapToRegistry data Result {
96 silly mapToRegistry   raw: 'content-type',
96 silly mapToRegistry   scope: null,
96 silly mapToRegistry   escapedName: 'content-type',
96 silly mapToRegistry   name: 'content-type',
96 silly mapToRegistry   rawSpec: '',
96 silly mapToRegistry   spec: 'latest',
96 silly mapToRegistry   type: 'tag' }
97 silly mapToRegistry uri https://registry.npmjs.org/content-type
98 silly fetchNamedPackageData cookie
99 silly mapToRegistry name cookie
100 silly mapToRegistry using default registry
101 silly mapToRegistry registry https://registry.npmjs.org/
102 silly mapToRegistry data Result {
102 silly mapToRegistry   raw: 'cookie',
102 silly mapToRegistry   scope: null,
102 silly mapToRegistry   escapedName: 'cookie',
102 silly mapToRegistry   name: 'cookie',
102 silly mapToRegistry   rawSpec: '',
102 silly mapToRegistry   spec: 'latest',
102 silly mapToRegistry   type: 'tag' }
103 silly mapToRegistry uri https://registry.npmjs.org/cookie
104 silly fetchNamedPackageData cookie-signature
105 silly mapToRegistry name cookie-signature
106 silly mapToRegistry using default registry
107 silly mapToRegistry registry https://registry.npmjs.org/
108 silly mapToRegistry data Result {
108 silly mapToRegistry   raw: 'cookie-signature',
108 silly mapToRegistry   scope: null,
108 silly mapToRegistry   escapedName: 'cookie-signature',
108 silly mapToRegistry   name: 'cookie-signature',
108 silly mapToRegistry   rawSpec: '',
108 silly mapToRegistry   spec: 'latest',
108 silly mapToRegistry   type: 'tag' }
109 silly mapToRegistry uri https://registry.npmjs.org/cookie-signature
110 silly fetchNamedPackageData debug
111 silly mapToRegistry name debug
112 silly mapToRegistry using default registry
113 silly mapToRegistry registry https://registry.npmjs.org/
114 silly mapToRegistry data Result {
114 silly mapToRegistry   raw: 'debug',
114 silly mapToRegistry   scope: null,
114 silly mapToRegistry   escapedName: 'debug',
114 silly mapToRegistry   name: 'debug',
114 silly mapToRegistry   rawSpec: '',
114 silly mapToRegistry   spec: 'latest',
114 silly mapToRegistry   type: 'tag' }
115 silly mapToRegistry uri https://registry.npmjs.org/debug
116 silly fetchNamedPackageData depd
117 silly mapToRegistry name depd
118 silly mapToRegistry using default registry
119 silly mapToRegistry registry https://registry.npmjs.org/
120 silly mapToRegistry data Result {
120 silly mapToRegistry   raw: 'depd',
120 silly mapToRegistry   scope: null,
120 silly mapToRegistry   escapedName: 'depd',
120 silly mapToRegistry   name: 'depd',
120 silly mapToRegistry   rawSpec: '',
120 silly mapToRegistry   spec: 'latest',
120 silly mapToRegistry   type: 'tag' }
121 silly mapToRegistry uri https://registry.npmjs.org/depd
122 silly fetchNamedPackageData encodeurl
123 silly mapToRegistry name encodeurl
124 silly mapToRegistry using default registry
125 silly mapToRegistry registry https://registry.npmjs.org/
126 silly mapToRegistry data Result {
126 silly mapToRegistry   raw: 'encodeurl',
126 silly mapToRegistry   scope: null,
126 silly mapToRegistry   escapedName: 'encodeurl',
126 silly mapToRegistry   name: 'encodeurl',
126 silly mapToRegistry   rawSpec: '',
126 silly mapToRegistry   spec: 'latest',
126 silly mapToRegistry   type: 'tag' }
127 silly mapToRegistry uri https://registry.npmjs.org/encodeurl
128 silly fetchNamedPackageData escape-html
129 silly mapToRegistry name escape-html
130 silly mapToRegistry using default registry
131 silly mapToRegistry registry https://registry.npmjs.org/
132 silly mapToRegistry data Result {
132 silly mapToRegistry   raw: 'escape-html',
132 silly mapToRegistry   scope: null,
132 silly mapToRegistry   escapedName: 'escape-html',
132 silly mapToRegistry   name: 'escape-html',
132 silly mapToRegistry   rawSpec: '',
132 silly mapToRegistry   spec: 'latest',
132 silly mapToRegistry   type: 'tag' }
133 silly mapToRegistry uri https://registry.npmjs.org/escape-html
134 silly fetchNamedPackageData etag
135 silly mapToRegistry name etag
136 silly mapToRegistry using default registry
137 silly mapToRegistry registry https://registry.npmjs.org/
138 silly mapToRegistry data Result {
138 silly mapToRegistry   raw: 'etag',
138 silly mapToRegistry   scope: null,
138 silly mapToRegistry   escapedName: 'etag',
138 silly mapToRegistry   name: 'etag',
138 silly mapToRegistry   rawSpec: '',
138 silly mapToRegistry   spec: 'latest',
138 silly mapToRegistry   type: 'tag' }
139 silly mapToRegistry uri https://registry.npmjs.org/etag
140 silly fetchNamedPackageData finalhandler
141 silly mapToRegistry name finalhandler
142 silly mapToRegistry using default registry
143 silly mapToRegistry registry https://registry.npmjs.org/
144 silly mapToRegistry data Result {
144 silly mapToRegistry   raw: 'finalhandler',
144 silly mapToRegistry   scope: null,
144 silly mapToRegistry   escapedName: 'finalhandler',
144 silly mapToRegistry   name: 'finalhandler',
144 silly mapToRegistry   rawSpec: '',
144 silly mapToRegistry   spec: 'latest',
144 silly mapToRegistry   type: 'tag' }
145 silly mapToRegistry uri https://registry.npmjs.org/finalhandler
146 silly fetchNamedPackageData fresh
147 silly mapToRegistry name fresh
148 silly mapToRegistry using default registry
149 silly mapToRegistry registry https://registry.npmjs.org/
150 silly mapToRegistry data Result {
150 silly mapToRegistry   raw: 'fresh',
150 silly mapToRegistry   scope: null,
150 silly mapToRegistry   escapedName: 'fresh',
150 silly mapToRegistry   name: 'fresh',
150 silly mapToRegistry   rawSpec: '',
150 silly mapToRegistry   spec: 'latest',
150 silly mapToRegistry   type: 'tag' }
151 silly mapToRegistry uri https://registry.npmjs.org/fresh
152 silly fetchNamedPackageData merge-descriptors
153 silly mapToRegistry name merge-descriptors
154 silly mapToRegistry using default registry
155 silly mapToRegistry registry https://registry.npmjs.org/
156 silly mapToRegistry data Result {
156 silly mapToRegistry   raw: 'merge-descriptors',
156 silly mapToRegistry   scope: null,
156 silly mapToRegistry   escapedName: 'merge-descriptors',
156 silly mapToRegistry   name: 'merge-descriptors',
156 silly mapToRegistry   rawSpec: '',
156 silly mapToRegistry   spec: 'latest',
156 silly mapToRegistry   type: 'tag' }
157 silly mapToRegistry uri https://registry.npmjs.org/merge-descriptors
158 silly fetchNamedPackageData methods
159 silly mapToRegistry name methods
160 silly mapToRegistry using default registry
161 silly mapToRegistry registry https://registry.npmjs.org/
162 silly mapToRegistry data Result {
162 silly mapToRegistry   raw: 'methods',
162 silly mapToRegistry   scope: null,
162 silly mapToRegistry   escapedName: 'methods',
162 silly mapToRegistry   name: 'methods',
162 silly mapToRegistry   rawSpec: '',
162 silly mapToRegistry   spec: 'latest',
162 silly mapToRegistry   type: 'tag' }
163 silly mapToRegistry uri https://registry.npmjs.org/methods
164 silly fetchNamedPackageData on-finished
165 silly mapToRegistry name on-finished
166 silly mapToRegistry using default registry
167 silly mapToRegistry registry https://registry.npmjs.org/
168 silly mapToRegistry data Result {
168 silly mapToRegistry   raw: 'on-finished',
168 silly mapToRegistry   scope: null,
168 silly mapToRegistry   escapedName: 'on-finished',
168 silly mapToRegistry   name: 'on-finished',
168 silly mapToRegistry   rawSpec: '',
168 silly mapToRegistry   spec: 'latest',
168 silly mapToRegistry   type: 'tag' }
169 silly mapToRegistry uri https://registry.npmjs.org/on-finished
170 silly fetchNamedPackageData parseurl
171 silly mapToRegistry name parseurl
172 silly mapToRegistry using default registry
173 silly mapToRegistry registry https://registry.npmjs.org/
174 silly mapToRegistry data Result {
174 silly mapToRegistry   raw: 'parseurl',
174 silly mapToRegistry   scope: null,
174 silly mapToRegistry   escapedName: 'parseurl',
174 silly mapToRegistry   name: 'parseurl',
174 silly mapToRegistry   rawSpec: '',
174 silly mapToRegistry   spec: 'latest',
174 silly mapToRegistry   type: 'tag' }
175 silly mapToRegistry uri https://registry.npmjs.org/parseurl
176 silly fetchNamedPackageData path-to-regexp
177 silly mapToRegistry name path-to-regexp
178 silly mapToRegistry using default registry
179 silly mapToRegistry registry https://registry.npmjs.org/
180 silly mapToRegistry data Result {
180 silly mapToRegistry   raw: 'path-to-regexp',
180 silly mapToRegistry   scope: null,
180 silly mapToRegistry   escapedName: 'path-to-regexp',
180 silly mapToRegistry   name: 'path-to-regexp',
180 silly mapToRegistry   rawSpec: '',
180 silly mapToRegistry   spec: 'latest',
180 silly mapToRegistry   type: 'tag' }
181 silly mapToRegistry uri https://registry.npmjs.org/path-to-regexp
182 silly fetchNamedPackageData proxy-addr
183 silly mapToRegistry name proxy-addr
184 silly mapToRegistry using default registry
185 silly mapToRegistry registry https://registry.npmjs.org/
186 silly mapToRegistry data Result {
186 silly mapToRegistry   raw: 'proxy-addr',
186 silly mapToRegistry   scope: null,
186 silly mapToRegistry   escapedName: 'proxy-addr',
186 silly mapToRegistry   name: 'proxy-addr',
186 silly mapToRegistry   rawSpec: '',
186 silly mapToRegistry   spec: 'latest',
186 silly mapToRegistry   type: 'tag' }
187 silly mapToRegistry uri https://registry.npmjs.org/proxy-addr
188 silly fetchNamedPackageData qs
189 silly mapToRegistry name qs
190 silly mapToRegistry using default registry
191 silly mapToRegistry registry https://registry.npmjs.org/
192 silly mapToRegistry data Result {
192 silly mapToRegistry   raw: 'qs',
192 silly mapToRegistry   scope: null,
192 silly mapToRegistry   escapedName: 'qs',
192 silly mapToRegistry   name: 'qs',
192 silly mapToRegistry   rawSpec: '',
192 silly mapToRegistry   spec: 'latest',
192 silly mapToRegistry   type: 'tag' }
193 silly mapToRegistry uri https://registry.npmjs.org/qs
194 silly fetchNamedPackageData range-parser
195 silly mapToRegistry name range-parser
196 silly mapToRegistry using default registry
197 silly mapToRegistry registry https://registry.npmjs.org/
198 silly mapToRegistry data Result {
198 silly mapToRegistry   raw: 'range-parser',
198 silly mapToRegistry   scope: null,
198 silly mapToRegistry   escapedName: 'range-parser',
198 silly mapToRegistry   name: 'range-parser',
198 silly mapToRegistry   rawSpec: '',
198 silly mapToRegistry   spec: 'latest',
198 silly mapToRegistry   type: 'tag' }
199 silly mapToRegistry uri https://registry.npmjs.org/range-parser
200 silly fetchNamedPackageData send
201 silly mapToRegistry name send
202 silly mapToRegistry using default registry
203 silly mapToRegistry registry https://registry.npmjs.org/
204 silly mapToRegistry data Result {
204 silly mapToRegistry   raw: 'send',
204 silly mapToRegistry   scope: null,
204 silly mapToRegistry   escapedName: 'send',
204 silly mapToRegistry   name: 'send',
204 silly mapToRegistry   rawSpec: '',
204 silly mapToRegistry   spec: 'latest',
204 silly mapToRegistry   type: 'tag' }
205 silly mapToRegistry uri https://registry.npmjs.org/send
206 silly fetchNamedPackageData serve-static
207 silly mapToRegistry name serve-static
208 silly mapToRegistry using default registry
209 silly mapToRegistry registry https://registry.npmjs.org/
210 silly mapToRegistry data Result {
210 silly mapToRegistry   raw: 'serve-static',
210 silly mapToRegistry   scope: null,
210 silly mapToRegistry   escapedName: 'serve-static',
210 silly mapToRegistry   name: 'serve-static',
210 silly mapToRegistry   rawSpec: '',
210 silly mapToRegistry   spec: 'latest',
210 silly mapToRegistry   type: 'tag' }
211 silly mapToRegistry uri https://registry.npmjs.org/serve-static
212 silly fetchNamedPackageData setprototypeof
213 silly mapToRegistry name setprototypeof
214 silly mapToRegistry using default registry
215 silly mapToRegistry registry https://registry.npmjs.org/
216 silly mapToRegistry data Result {
216 silly mapToRegistry   raw: 'setprototypeof',
216 silly mapToRegistry   scope: null,
216 silly mapToRegistry   escapedName: 'setprototypeof',
216 silly mapToRegistry   name: 'setprototypeof',
216 silly mapToRegistry   rawSpec: '',
216 silly mapToRegistry   spec: 'latest',
216 silly mapToRegistry   type: 'tag' }
217 silly mapToRegistry uri https://registry.npmjs.org/setprototypeof
218 silly fetchNamedPackageData statuses
219 silly mapToRegistry name statuses
220 silly mapToRegistry using default registry
221 silly mapToRegistry registry https://registry.npmjs.org/
222 silly mapToRegistry data Result {
222 silly mapToRegistry   raw: 'statuses',
222 silly mapToRegistry   scope: null,
222 silly mapToRegistry   escapedName: 'statuses',
222 silly mapToRegistry   name: 'statuses',
222 silly mapToRegistry   rawSpec: '',
222 silly mapToRegistry   spec: 'latest',
222 silly mapToRegistry   type: 'tag' }
223 silly mapToRegistry uri https://registry.npmjs.org/statuses
224 silly fetchNamedPackageData type-is
225 silly mapToRegistry name type-is
226 silly mapToRegistry using default registry
227 silly mapToRegistry registry https://registry.npmjs.org/
228 silly mapToRegistry data Result {
228 silly mapToRegistry   raw: 'type-is',
228 silly mapToRegistry   scope: null,
228 silly mapToRegistry   escapedName: 'type-is',
228 silly mapToRegistry   name: 'type-is',
228 silly mapToRegistry   rawSpec: '',
228 silly mapToRegistry   spec: 'latest',
228 silly mapToRegistry   type: 'tag' }
229 silly mapToRegistry uri https://registry.npmjs.org/type-is
230 silly fetchNamedPackageData utils-merge
231 silly mapToRegistry name utils-merge
232 silly mapToRegistry using default registry
233 silly mapToRegistry registry https://registry.npmjs.org/
234 silly mapToRegistry data Result {
234 silly mapToRegistry   raw: 'utils-merge',
234 silly mapToRegistry   scope: null,
234 silly mapToRegistry   escapedName: 'utils-merge',
234 silly mapToRegistry   name: 'utils-merge',
234 silly mapToRegistry   rawSpec: '',
234 silly mapToRegistry   spec: 'latest',
234 silly mapToRegistry   type: 'tag' }
235 silly mapToRegistry uri https://registry.npmjs.org/utils-merge
236 silly fetchNamedPackageData vary
237 silly mapToRegistry name vary
238 silly mapToRegistry using default registry
239 silly mapToRegistry registry https://registry.npmjs.org/
240 silly mapToRegistry data Result {
240 silly mapToRegistry   raw: 'vary',
240 silly mapToRegistry   scope: null,
240 silly mapToRegistry   escapedName: 'vary',
240 silly mapToRegistry   name: 'vary',
240 silly mapToRegistry   rawSpec: '',
240 silly mapToRegistry   spec: 'latest',
240 silly mapToRegistry   type: 'tag' }
241 silly mapToRegistry uri https://registry.npmjs.org/vary
242 verbose request uri https://registry.npmjs.org/accepts
243 verbose request no auth needed
244 info attempt registry request try #1 at 21:58:12
245 http request GET https://registry.npmjs.org/accepts
246 verbose request uri https://registry.npmjs.org/array-flatten
247 verbose request no auth needed
248 info attempt registry request try #1 at 21:58:12
249 http request GET https://registry.npmjs.org/array-flatten
250 verbose request uri https://registry.npmjs.org/content-disposition
251 verbose request no auth needed
252 info attempt registry request try #1 at 21:58:12
253 http request GET https://registry.npmjs.org/content-disposition
254 verbose request uri https://registry.npmjs.org/content-type
255 verbose request no auth needed
256 info attempt registry request try #1 at 21:58:12
257 http request GET https://registry.npmjs.org/content-type
258 verbose request uri https://registry.npmjs.org/cookie
259 verbose request no auth needed
260 info attempt registry request try #1 at 21:58:12
261 http request GET https://registry.npmjs.org/cookie
262 verbose request uri https://registry.npmjs.org/cookie-signature
263 verbose request no auth needed
264 info attempt registry request try #1 at 21:58:12
265 http request GET https://registry.npmjs.org/cookie-signature
266 verbose request uri https://registry.npmjs.org/debug
267 verbose request no auth needed
268 info attempt registry request try #1 at 21:58:12
269 http request GET https://registry.npmjs.org/debug
270 verbose request uri https://registry.npmjs.org/depd
271 verbose request no auth needed
272 info attempt registry request try #1 at 21:58:12
273 http request GET https://registry.npmjs.org/depd
274 verbose request uri https://registry.npmjs.org/encodeurl
275 verbose request no auth needed
276 info attempt registry request try #1 at 21:58:12
277 http request GET https://registry.npmjs.org/encodeurl
278 verbose request uri https://registry.npmjs.org/escape-html
279 verbose request no auth needed
280 info attempt registry request try #1 at 21:58:12
281 http request GET https://registry.npmjs.org/escape-html
282 verbose request uri https://registry.npmjs.org/etag
283 verbose request no auth needed
284 info attempt registry request try #1 at 21:58:12
285 http request GET https://registry.npmjs.org/etag
286 verbose request uri https://registry.npmjs.org/finalhandler
287 verbose request no auth needed
288 info attempt registry request try #1 at 21:58:12
289 http request GET https://registry.npmjs.org/finalhandler
290 verbose request uri https://registry.npmjs.org/fresh
291 verbose request no auth needed
292 info attempt registry request try #1 at 21:58:12
293 http request GET https://registry.npmjs.org/fresh
294 verbose request uri https://registry.npmjs.org/merge-descriptors
295 verbose request no auth needed
296 info attempt registry request try #1 at 21:58:12
297 http request GET https://registry.npmjs.org/merge-descriptors
298 verbose request uri https://registry.npmjs.org/methods
299 verbose request no auth needed
300 info attempt registry request try #1 at 21:58:12
301 http request GET https://registry.npmjs.org/methods
302 verbose request uri https://registry.npmjs.org/on-finished
303 verbose request no auth needed
304 info attempt registry request try #1 at 21:58:12
305 http request GET https://registry.npmjs.org/on-finished
306 verbose request uri https://registry.npmjs.org/parseurl
307 verbose request no auth needed
308 info attempt registry request try #1 at 21:58:12
309 http request GET https://registry.npmjs.org/parseurl
310 verbose request uri https://registry.npmjs.org/path-to-regexp
311 verbose request no auth needed
312 info attempt registry request try #1 at 21:58:12
313 http request GET https://registry.npmjs.org/path-to-regexp
314 verbose request uri https://registry.npmjs.org/proxy-addr
315 verbose request no auth needed
316 info attempt registry request try #1 at 21:58:12
317 http request GET https://registry.npmjs.org/proxy-addr
318 verbose request uri https://registry.npmjs.org/qs
319 verbose request no auth needed
320 info attempt registry request try #1 at 21:58:12
321 http request GET https://registry.npmjs.org/qs
322 verbose request uri https://registry.npmjs.org/range-parser
323 verbose request no auth needed
324 info attempt registry request try #1 at 21:58:12
325 http request GET https://registry.npmjs.org/range-parser
326 verbose request uri https://registry.npmjs.org/send
327 verbose request no auth needed
328 info attempt registry request try #1 at 21:58:12
329 http request GET https://registry.npmjs.org/send
330 verbose request uri https://registry.npmjs.org/serve-static
331 verbose request no auth needed
332 info attempt registry request try #1 at 21:58:12
333 http request GET https://registry.npmjs.org/serve-static
334 verbose request uri https://registry.npmjs.org/setprototypeof
335 verbose request no auth needed
336 info attempt registry request try #1 at 21:58:12
337 http request GET https://registry.npmjs.org/setprototypeof
338 verbose request uri https://registry.npmjs.org/statuses
339 verbose request no auth needed
340 info attempt registry request try #1 at 21:58:12
341 http request GET https://registry.npmjs.org/statuses
342 verbose request uri https://registry.npmjs.org/type-is
343 verbose request no auth needed
344 info attempt registry request try #1 at 21:58:12
345 http request GET https://registry.npmjs.org/type-is
346 verbose request uri https://registry.npmjs.org/utils-merge
347 verbose request no auth needed
348 info attempt registry request try #1 at 21:58:12
349 http request GET https://registry.npmjs.org/utils-merge
350 verbose request uri https://registry.npmjs.org/vary
351 verbose request no auth needed
352 info attempt registry request try #1 at 21:58:12
353 http request GET https://registry.npmjs.org/vary
354 http 200 https://registry.npmjs.org/vary
355 verbose headers { server: 'nginx/1.10.1',
355 verbose headers   'content-type': 'application/json',
355 verbose headers   'last-modified': 'Mon, 20 Mar 2017 21:32:29 GMT',
355 verbose headers   etag: 'W/"58d04a6d-2eee"',
355 verbose headers   'content-encoding': 'gzip',
355 verbose headers   'cache-control': 'max-age=300',
355 verbose headers   'content-length': '2759',
355 verbose headers   'accept-ranges': 'bytes',
355 verbose headers   date: 'Wed, 12 Apr 2017 13:58:21 GMT',
355 verbose headers   via: '1.1 varnish',
355 verbose headers   age: '195',
355 verbose headers   connection: 'keep-alive',
355 verbose headers   'x-served-by': 'cache-hkg6824-HKG',
355 verbose headers   'x-cache': 'HIT',
355 verbose headers   'x-cache-hits': '5',
355 verbose headers   'x-timer': 'S1492005502.948867,VS0,VE0',
355 verbose headers   vary: 'Accept-Encoding' }
356 silly get cb [ 200,
356 silly get   { server: 'nginx/1.10.1',
356 silly get     'content-type': 'application/json',
356 silly get     'last-modified': 'Mon, 20 Mar 2017 21:32:29 GMT',
356 silly get     etag: 'W/"58d04a6d-2eee"',
356 silly get     'content-encoding': 'gzip',
356 silly get     'cache-control': 'max-age=300',
356 silly get     'content-length': '2759',
356 silly get     'accept-ranges': 'bytes',
356 silly get     date: 'Wed, 12 Apr 2017 13:58:21 GMT',
356 silly get     via: '1.1 varnish',
356 silly get     age: '195',
356 silly get     connection: 'keep-alive',
356 silly get     'x-served-by': 'cache-hkg6824-HKG',
356 silly get     'x-cache': 'HIT',
356 silly get     'x-cache-hits': '5',
356 silly get     'x-timer': 'S1492005502.948867,VS0,VE0',
356 silly get     vary: 'Accept-Encoding' } ]
357 verbose get saving vary to C:\Users\Administrator\AppData\Roaming\npm-cache\registry.npmjs.org\vary\.cache.json
358 verbose correctMkdir C:\Users\Administrator\AppData\Roaming\npm-cache correctMkdir not in flight; initializing
359 http 200 https://registry.npmjs.org/escape-html
360 verbose headers { server: 'nginx/1.4.6 (Ubuntu)',
360 verbose headers   'content-type': 'application/json',
360 verbose headers   'last-modified': 'Mon, 06 Mar 2017 09:06:39 GMT',
360 verbose headers   'content-encoding': 'gzip',
360 verbose headers   'cache-control': 'max-age=300',
360 verbose headers   'content-length': '1631',
360 verbose headers   'accept-ranges': 'bytes',
360 verbose headers   date: 'Wed, 12 Apr 2017 13:58:21 GMT',
360 verbose headers   via: '1.1 varnish',
360 verbose headers   age: '239',
360 verbose headers   connection: 'keep-alive',
360 verbose headers   'x-served-by': 'cache-hkg6826-HKG',
360 verbose headers   'x-cache': 'HIT',
360 verbose headers   'x-cache-hits': '11',
360 verbose headers   'x-timer': 'S1492005502.953129,VS0,VE0',
360 verbose headers   vary: 'Accept-Encoding' }
361 silly get cb [ 200,
361 silly get   { server: 'nginx/1.4.6 (Ubuntu)',
361 silly get     'content-type': 'application/json',
361 silly get     'last-modified': 'Mon, 06 Mar 2017 09:06:39 GMT',
361 silly get     'content-encoding': 'gzip',
361 silly get     'cache-control': 'max-age=300',
361 silly get     'content-length': '1631',
361 silly get     'accept-ranges': 'bytes',
361 silly get     date: 'Wed, 12 Apr 2017 13:58:21 GMT',
361 silly get     via: '1.1 varnish',
361 silly get     age: '239',
361 silly get     connection: 'keep-alive',
361 silly get     'x-served-by': 'cache-hkg6826-HKG',
361 silly get     'x-cache': 'HIT',
361 silly get     'x-cache-hits': '11',
361 silly get     'x-timer': 'S1492005502.953129,VS0,VE0',
361 silly get     vary: 'Accept-Encoding' } ]
362 verbose get saving escape-html to C:\Users\Administrator\AppData\Roaming\npm-cache\registry.npmjs.org\escape-html\.cache.json
363 verbose correctMkdir C:\Users\Administrator\AppData\Roaming\npm-cache correctMkdir not in flight; initializing
364 silly resolveWithNewModule vary@1.1.1 checking installable status
365 silly cache add args [ 'vary@~1.1.0', null ]
366 verbose cache add spec vary@~1.1.0
367 silly cache add parsed spec Result {
367 silly cache add   raw: 'vary@~1.1.0',
367 silly cache add   scope: null,
367 silly cache add   escapedName: 'vary',
367 silly cache add   name: 'vary',
367 silly cache add   rawSpec: '~1.1.0',
367 silly cache add   spec: '>=1.1.0 <1.2.0',
367 silly cache add   type: 'range' }
368 silly addNamed vary@>=1.1.0 <1.2.0
369 verbose addNamed ">=1.1.0 <1.2.0" is a valid semver range for vary
370 silly addNameRange { name: 'vary', range: '>=1.1.0 <1.2.0', hasData: false }
371 silly mapToRegistry name vary
372 silly mapToRegistry using default registry
373 silly mapToRegistry registry https://registry.npmjs.org/
374 silly mapToRegistry data Result {
374 silly mapToRegistry   raw: 'vary',
374 silly mapToRegistry   scope: null,
374 silly mapToRegistry   escapedName: 'vary',
374 silly mapToRegistry   name: 'vary',
374 silly mapToRegistry   rawSpec: '',
374 silly mapToRegistry   spec: 'latest',
374 silly mapToRegistry   type: 'tag' }
375 silly mapToRegistry uri https://registry.npmjs.org/vary
376 verbose addNameRange registry:https://registry.npmjs.org/vary not in flight; fetching
377 verbose get https://registry.npmjs.org/vary not expired, no request
378 silly addNameRange number 2 { name: 'vary', range: '>=1.1.0 <1.2.0', hasData: true }
379 silly addNameRange versions [ 'vary',
379 silly addNameRange   [ '0.0.0', '0.1.0', '1.0.0', '1.0.1', '1.1.0', '1.1.1' ] ]
380 silly addNamed vary@1.1.1
381 verbose addNamed "1.1.1" is a plain semver version for vary
382 silly mapToRegistry name vary
383 silly mapToRegistry using default registry
384 silly mapToRegistry registry https://registry.npmjs.org/
385 silly mapToRegistry data Result {
385 silly mapToRegistry   raw: 'vary',
385 silly mapToRegistry   scope: null,
385 silly mapToRegistry   escapedName: 'vary',
385 silly mapToRegistry   name: 'vary',
385 silly mapToRegistry   rawSpec: '',
385 silly mapToRegistry   spec: 'latest',
385 silly mapToRegistry   type: 'tag' }
386 silly mapToRegistry uri https://registry.npmjs.org/vary
387 verbose addRemoteTarball https://registry.npmjs.org/vary/-/vary-1.1.1.tgz not in flight; adding
388 verbose addRemoteTarball [ 'https://registry.npmjs.org/vary/-/vary-1.1.1.tgz',
388 verbose addRemoteTarball   '67535ebb694c1d52257457984665323f587e8d37' ]
389 info retry fetch attempt 1 at 21:58:13
390 info attempt registry request try #1 at 21:58:13
391 http fetch GET https://registry.npmjs.org/vary/-/vary-1.1.1.tgz
392 silly resolveWithNewModule escape-html@1.0.3 checking installable status
393 silly cache add args [ 'escape-html@~1.0.3', null ]
394 verbose cache add spec escape-html@~1.0.3
395 silly cache add parsed spec Result {
395 silly cache add   raw: 'escape-html@~1.0.3',
395 silly cache add   scope: null,
395 silly cache add   escapedName: 'escape-html',
395 silly cache add   name: 'escape-html',
395 silly cache add   rawSpec: '~1.0.3',
395 silly cache add   spec: '>=1.0.3 <1.1.0',
395 silly cache add   type: 'range' }
396 silly addNamed escape-html@>=1.0.3 <1.1.0
397 verbose addNamed ">=1.0.3 <1.1.0" is a valid semver range for escape-html
398 silly addNameRange { name: 'escape-html', range: '>=1.0.3 <1.1.0', hasData: false }
399 silly mapToRegistry name escape-html
400 silly mapToRegistry using default registry
401 silly mapToRegistry registry https://registry.npmjs.org/
402 silly mapToRegistry data Result {
402 silly mapToRegistry   raw: 'escape-html',
402 silly mapToRegistry   scope: null,
402 silly mapToRegistry   escapedName: 'escape-html',
402 silly mapToRegistry   name: 'escape-html',
402 silly mapToRegistry   rawSpec: '',
402 silly mapToRegistry   spec: 'latest',
402 silly mapToRegistry   type: 'tag' }
403 silly mapToRegistry uri https://registry.npmjs.org/escape-html
404 verbose addNameRange registry:https://registry.npmjs.org/escape-html not in flight; fetching
405 verbose get https://registry.npmjs.org/escape-html not expired, no request
406 silly addNameRange number 2 { name: 'escape-html', range: '>=1.0.3 <1.1.0', hasData: true }
407 silly addNameRange versions [ 'escape-html',
407 silly addNameRange   [ '0.0.1', '1.0.0', '1.0.1', '1.0.2', '1.0.3' ] ]
408 silly addNamed escape-html@1.0.3
409 verbose addNamed "1.0.3" is a plain semver version for escape-html
410 silly mapToRegistry name escape-html
411 silly mapToRegistry using default registry
412 silly mapToRegistry registry https://registry.npmjs.org/
413 silly mapToRegistry data Result {
413 silly mapToRegistry   raw: 'escape-html',
413 silly mapToRegistry   scope: null,
413 silly mapToRegistry   escapedName: 'escape-html',
413 silly mapToRegistry   name: 'escape-html',
413 silly mapToRegistry   rawSpec: '',
413 silly mapToRegistry   spec: 'latest',
413 silly mapToRegistry   type: 'tag' }
414 silly mapToRegistry uri https://registry.npmjs.org/escape-html
415 verbose addRemoteTarball https://registry.npmjs.org/escape-html/-/escape-html-1.0.3.tgz not in flight; adding
416 verbose addRemoteTarball [ 'https://registry.npmjs.org/escape-html/-/escape-html-1.0.3.tgz',
416 verbose addRemoteTarball   '0258eae4d3d0c0974de1c169188ef0051d1d1988' ]
417 http 200 https://registry.npmjs.org/send
418 verbose headers { server: 'nginx/1.10.1',
418 verbose headers   'content-type': 'application/json',
418 verbose headers   'last-modified': 'Sun, 05 Mar 2017 03:10:38 GMT',
418 verbose headers   etag: 'W/"58bb81ae-13d5c"',
418 verbose headers   'content-encoding': 'gzip',
418 verbose headers   'cache-control': 'max-age=300',
418 verbose headers   'content-length': '9746',
418 verbose headers   'accept-ranges': 'bytes',
418 verbose headers   date: 'Wed, 12 Apr 2017 13:58:21 GMT',
418 verbose headers   via: '1.1 varnish',
418 verbose headers   age: '172',
418 verbose headers   connection: 'keep-alive',
418 verbose headers   'x-served-by': 'cache-hkg6826-HKG',
418 verbose headers   'x-cache': 'HIT',
418 verbose headers   'x-cache-hits': '10',
418 verbose headers   'x-timer': 'S1492005502.967483,VS0,VE0',
418 verbose headers   vary: 'Accept-Encoding' }
419 silly get cb [ 200,
419 silly get   { server: 'nginx/1.10.1',
419 silly get     'content-type': 'application/json',
419 silly get     'last-modified': 'Sun, 05 Mar 2017 03:10:38 GMT',
419 silly get     etag: 'W/"58bb81ae-13d5c"',
419 silly get     'content-encoding': 'gzip',
419 silly get     'cache-control': 'max-age=300',
419 silly get     'content-length': '9746',
419 silly get     'accept-ranges': 'bytes',
419 silly get     date: 'Wed, 12 Apr 2017 13:58:21 GMT',
419 silly get     via: '1.1 varnish',
419 silly get     age: '172',
419 silly get     connection: 'keep-alive',
419 silly get     'x-served-by': 'cache-hkg6826-HKG',
419 silly get     'x-cache': 'HIT',
419 silly get     'x-cache-hits': '10',
419 silly get     'x-timer': 'S1492005502.967483,VS0,VE0',
419 silly get     vary: 'Accept-Encoding' } ]
420 verbose get saving send to C:\Users\Administrator\AppData\Roaming\npm-cache\registry.npmjs.org\send\.cache.json
421 verbose correctMkdir C:\Users\Administrator\AppData\Roaming\npm-cache correctMkdir not in flight; initializing
422 info retry fetch attempt 1 at 21:58:13
423 info attempt registry request try #1 at 21:58:13
424 http fetch GET https://registry.npmjs.org/escape-html/-/escape-html-1.0.3.tgz
425 http 200 https://registry.npmjs.org/statuses
426 verbose headers { server: 'nginx/1.4.6 (Ubuntu)',
426 verbose headers   'content-type': 'application/json',
426 verbose headers   'last-modified': 'Fri, 17 Mar 2017 03:35:47 GMT',
426 verbose headers   'content-encoding': 'gzip',
426 verbose headers   'cache-control': 'max-age=300',
426 verbose headers   'content-length': '3425',
426 verbose headers   'accept-ranges': 'bytes',
426 verbose headers   date: 'Wed, 12 Apr 2017 13:58:21 GMT',
426 verbose headers   via: '1.1 varnish',
426 verbose headers   age: '114',
426 verbose headers   connection: 'keep-alive',
426 verbose headers   'x-served-by': 'cache-hkg6821-HKG',
426 verbose headers   'x-cache': 'HIT',
426 verbose headers   'x-cache-hits': '4',
426 verbose headers   'x-timer': 'S1492005502.972406,VS0,VE0',
426 verbose headers   vary: 'Accept-Encoding' }
427 silly get cb [ 200,
427 silly get   { server: 'nginx/1.4.6 (Ubuntu)',
427 silly get     'content-type': 'application/json',
427 silly get     'last-modified': 'Fri, 17 Mar 2017 03:35:47 GMT',
427 silly get     'content-encoding': 'gzip',
427 silly get     'cache-control': 'max-age=300',
427 silly get     'content-length': '3425',
427 silly get     'accept-ranges': 'bytes',
427 silly get     date: 'Wed, 12 Apr 2017 13:58:21 GMT',
427 silly get     via: '1.1 varnish',
427 silly get     age: '114',
427 silly get     connection: 'keep-alive',
427 silly get     'x-served-by': 'cache-hkg6821-HKG',
427 silly get     'x-cache': 'HIT',
427 silly get     'x-cache-hits': '4',
427 silly get     'x-timer': 'S1492005502.972406,VS0,VE0',
427 silly get     vary: 'Accept-Encoding' } ]
428 verbose get saving statuses to C:\Users\Administrator\AppData\Roaming\npm-cache\registry.npmjs.org\statuses\.cache.json
429 verbose correctMkdir C:\Users\Administrator\AppData\Roaming\npm-cache correctMkdir not in flight; initializing
430 silly resolveWithNewModule send@0.15.1 checking installable status
431 silly cache add args [ 'send@0.15.1', null ]
432 verbose cache add spec send@0.15.1
433 silly cache add parsed spec Result {
433 silly cache add   raw: 'send@0.15.1',
433 silly cache add   scope: null,
433 silly cache add   escapedName: 'send',
433 silly cache add   name: 'send',
433 silly cache add   rawSpec: '0.15.1',
433 silly cache add   spec: '0.15.1',
433 silly cache add   type: 'version' }
434 silly addNamed send@0.15.1
435 verbose addNamed "0.15.1" is a plain semver version for send
436 silly mapToRegistry name send
437 silly mapToRegistry using default registry
438 silly mapToRegistry registry https://registry.npmjs.org/
439 silly mapToRegistry data Result {
439 silly mapToRegistry   raw: 'send',
439 silly mapToRegistry   scope: null,
439 silly mapToRegistry   escapedName: 'send',
439 silly mapToRegistry   name: 'send',
439 silly mapToRegistry   rawSpec: '',
439 silly mapToRegistry   spec: 'latest',
439 silly mapToRegistry   type: 'tag' }
440 silly mapToRegistry uri https://registry.npmjs.org/send
441 verbose addNameVersion registry:https://registry.npmjs.org/send not in flight; fetching
442 verbose get https://registry.npmjs.org/send not expired, no request
443 http 200 https://registry.npmjs.org/finalhandler
444 verbose headers { server: 'nginx/1.10.1',
444 verbose headers   'content-type': 'application/json',
444 verbose headers   'last-modified': 'Thu, 23 Mar 2017 09:32:55 GMT',
444 verbose headers   etag: 'W/"58d39647-8c15"',
444 verbose headers   'content-encoding': 'gzip',
444 verbose headers   'cache-control': 'max-age=300',
444 verbose headers   'content-length': '4805',
444 verbose headers   'accept-ranges': 'bytes',
444 verbose headers   date: 'Wed, 12 Apr 2017 13:58:21 GMT',
444 verbose headers   via: '1.1 varnish',
444 verbose headers   age: '105',
444 verbose headers   connection: 'keep-alive',
444 verbose headers   'x-served-by': 'cache-hkg6825-HKG',
444 verbose headers   'x-cache': 'HIT',
444 verbose headers   'x-cache-hits': '4',
444 verbose headers   'x-timer': 'S1492005502.974488,VS0,VE0',
444 verbose headers   vary: 'Accept-Encoding' }
445 silly get cb [ 200,
445 silly get   { server: 'nginx/1.10.1',
445 silly get     'content-type': 'application/json',
445 silly get     'last-modified': 'Thu, 23 Mar 2017 09:32:55 GMT',
445 silly get     etag: 'W/"58d39647-8c15"',
445 silly get     'content-encoding': 'gzip',
445 silly get     'cache-control': 'max-age=300',
445 silly get     'content-length': '4805',
445 silly get     'accept-ranges': 'bytes',
445 silly get     date: 'Wed, 12 Apr 2017 13:58:21 GMT',
445 silly get     via: '1.1 varnish',
445 silly get     age: '105',
445 silly get     connection: 'keep-alive',
445 silly get     'x-served-by': 'cache-hkg6825-HKG',
445 silly get     'x-cache': 'HIT',
445 silly get     'x-cache-hits': '4',
445 silly get     'x-timer': 'S1492005502.974488,VS0,VE0',
445 silly get     vary: 'Accept-Encoding' } ]
446 verbose get saving finalhandler to C:\Users\Administrator\AppData\Roaming\npm-cache\registry.npmjs.org\finalhandler\.cache.json
447 verbose correctMkdir C:\Users\Administrator\AppData\Roaming\npm-cache correctMkdir not in flight; initializing
448 silly resolveWithNewModule statuses@1.3.1 checking installable status
449 silly cache add args [ 'statuses@~1.3.1', null ]
450 verbose cache add spec statuses@~1.3.1
451 silly cache add parsed spec Result {
451 silly cache add   raw: 'statuses@~1.3.1',
451 silly cache add   scope: null,
451 silly cache add   escapedName: 'statuses',
451 silly cache add   name: 'statuses',
451 silly cache add   rawSpec: '~1.3.1',
451 silly cache add   spec: '>=1.3.1 <1.4.0',
451 silly cache add   type: 'range' }
452 silly addNamed statuses@>=1.3.1 <1.4.0
453 verbose addNamed ">=1.3.1 <1.4.0" is a valid semver range for statuses
454 silly addNameRange { name: 'statuses', range: '>=1.3.1 <1.4.0', hasData: false }
455 silly mapToRegistry name statuses
456 silly mapToRegistry using default registry
457 silly mapToRegistry registry https://registry.npmjs.org/
458 silly mapToRegistry data Result {
458 silly mapToRegistry   raw: 'statuses',
458 silly mapToRegistry   scope: null,
458 silly mapToRegistry   escapedName: 'statuses',
458 silly mapToRegistry   name: 'statuses',
458 silly mapToRegistry   rawSpec: '',
458 silly mapToRegistry   spec: 'latest',
458 silly mapToRegistry   type: 'tag' }
459 silly mapToRegistry uri https://registry.npmjs.org/statuses
460 verbose addNameRange registry:https://registry.npmjs.org/statuses not in flight; fetching
461 silly mapToRegistry name send
462 silly mapToRegistry using default registry
463 silly mapToRegistry registry https://registry.npmjs.org/
464 silly mapToRegistry data Result {
464 silly mapToRegistry   raw: 'send',
464 silly mapToRegistry   scope: null,
464 silly mapToRegistry   escapedName: 'send',
464 silly mapToRegistry   name: 'send',
464 silly mapToRegistry   rawSpec: '',
464 silly mapToRegistry   spec: 'latest',
464 silly mapToRegistry   type: 'tag' }
465 silly mapToRegistry uri https://registry.npmjs.org/send
466 verbose addRemoteTarball https://registry.npmjs.org/send/-/send-0.15.1.tgz not in flight; adding
467 verbose addRemoteTarball [ 'https://registry.npmjs.org/send/-/send-0.15.1.tgz',
467 verbose addRemoteTarball   '8a02354c26e6f5cca700065f5f0cdeba90ec7b5f' ]
468 verbose get https://registry.npmjs.org/statuses not expired, no request
469 silly addNameRange number 2 { name: 'statuses', range: '>=1.3.1 <1.4.0', hasData: true }
470 silly addNameRange versions [ 'statuses',
470 silly addNameRange   [ '1.0.1',
470 silly addNameRange     '1.0.2',
470 silly addNameRange     '1.0.3',
470 silly addNameRange     '1.0.4',
470 silly addNameRange     '1.1.0',
470 silly addNameRange     '1.1.1',
470 silly addNameRange     '1.2.0',
470 silly addNameRange     '1.2.1',
470 silly addNameRange     '1.3.0',
470 silly addNameRange     '1.3.1' ] ]
471 silly addNamed statuses@1.3.1
472 verbose addNamed "1.3.1" is a plain semver version for statuses
473 http 200 https://registry.npmjs.org/proxy-addr
474 verbose headers { server: 'nginx/1.10.1',
474 verbose headers   'content-type': 'application/json',
474 verbose headers   'last-modified': 'Fri, 31 Mar 2017 15:40:58 GMT',
474 verbose headers   etag: 'W/"58de788a-85bf"',
474 verbose headers   'content-encoding': 'gzip',
474 verbose headers   'cache-control': 'max-age=300',
474 verbose headers   'content-length': '4736',
474 verbose headers   'accept-ranges': 'bytes',
474 verbose headers   date: 'Wed, 12 Apr 2017 13:58:21 GMT',
474 verbose headers   via: '1.1 varnish',
474 verbose headers   age: '172',
474 verbose headers   connection: 'keep-alive',
474 verbose headers   'x-served-by': 'cache-hkg6822-HKG',
474 verbose headers   'x-cache': 'HIT',
474 verbose headers   'x-cache-hits': '3',
474 verbose headers   'x-timer': 'S1492005502.975998,VS0,VE0',
474 verbose headers   vary: 'Accept-Encoding' }
475 silly get cb [ 200,
475 silly get   { server: 'nginx/1.10.1',
475 silly get     'content-type': 'application/json',
475 silly get     'last-modified': 'Fri, 31 Mar 2017 15:40:58 GMT',
475 silly get     etag: 'W/"58de788a-85bf"',
475 silly get     'content-encoding': 'gzip',
475 silly get     'cache-control': 'max-age=300',
475 silly get     'content-length': '4736',
475 silly get     'accept-ranges': 'bytes',
475 silly get     date: 'Wed, 12 Apr 2017 13:58:21 GMT',
475 silly get     via: '1.1 varnish',
475 silly get     age: '172',
475 silly get     connection: 'keep-alive',
475 silly get     'x-served-by': 'cache-hkg6822-HKG',
475 silly get     'x-cache': 'HIT',
475 silly get     'x-cache-hits': '3',
475 silly get     'x-timer': 'S1492005502.975998,VS0,VE0',
475 silly get     vary: 'Accept-Encoding' } ]
476 verbose get saving proxy-addr to C:\Users\Administrator\AppData\Roaming\npm-cache\registry.npmjs.org\proxy-addr\.cache.json
477 verbose correctMkdir C:\Users\Administrator\AppData\Roaming\npm-cache correctMkdir not in flight; initializing
478 silly mapToRegistry name statuses
479 silly mapToRegistry using default registry
480 silly mapToRegistry registry https://registry.npmjs.org/
481 silly mapToRegistry data Result {
481 silly mapToRegistry   raw: 'statuses',
481 silly mapToRegistry   scope: null,
481 silly mapToRegistry   escapedName: 'statuses',
481 silly mapToRegistry   name: 'statuses',
481 silly mapToRegistry   rawSpec: '',
481 silly mapToRegistry   spec: 'latest',
481 silly mapToRegistry   type: 'tag' }
482 silly mapToRegistry uri https://registry.npmjs.org/statuses
483 verbose addRemoteTarball https://registry.npmjs.org/statuses/-/statuses-1.3.1.tgz not in flight; adding
484 verbose addRemoteTarball [ 'https://registry.npmjs.org/statuses/-/statuses-1.3.1.tgz',
484 verbose addRemoteTarball   'faf51b9eb74aaef3b3acf4ad5f61abf24cb7b93e' ]
485 info retry fetch attempt 1 at 21:58:13
486 info attempt registry request try #1 at 21:58:13
487 http fetch GET https://registry.npmjs.org/send/-/send-0.15.1.tgz
488 info retry fetch attempt 1 at 21:58:13
489 info attempt registry request try #1 at 21:58:13
490 http fetch GET https://registry.npmjs.org/statuses/-/statuses-1.3.1.tgz
491 http 200 https://registry.npmjs.org/content-type
492 verbose headers { server: 'nginx/1.10.1',
492 verbose headers   'content-type': 'application/json',
492 verbose headers   'last-modified': 'Tue, 10 May 2016 03:59:48 GMT',
492 verbose headers   etag: 'W/"57315cb4-22fe"',
492 verbose headers   'content-encoding': 'gzip',
492 verbose headers   'cache-control': 'max-age=300',
492 verbose headers   'content-length': '2267',
492 verbose headers   'accept-ranges': 'bytes',
492 verbose headers   date: 'Wed, 12 Apr 2017 13:58:21 GMT',
492 verbose headers   via: '1.1 varnish',
492 verbose headers   age: '254',
492 verbose headers   connection: 'keep-alive',
492 verbose headers   'x-served-by': 'cache-hkg6820-HKG',
492 verbose headers   'x-cache': 'HIT',
492 verbose headers   'x-cache-hits': '3',
492 verbose headers   'x-timer': 'S1492005502.979023,VS0,VE0',
492 verbose headers   vary: 'Accept-Encoding' }
493 silly get cb [ 200,
493 silly get   { server: 'nginx/1.10.1',
493 silly get     'content-type': 'application/json',
493 silly get     'last-modified': 'Tue, 10 May 2016 03:59:48 GMT',
493 silly get     etag: 'W/"57315cb4-22fe"',
493 silly get     'content-encoding': 'gzip',
493 silly get     'cache-control': 'max-age=300',
493 silly get     'content-length': '2267',
493 silly get     'accept-ranges': 'bytes',
493 silly get     date: 'Wed, 12 Apr 2017 13:58:21 GMT',
493 silly get     via: '1.1 varnish',
493 silly get     age: '254',
493 silly get     connection: 'keep-alive',
493 silly get     'x-served-by': 'cache-hkg6820-HKG',
493 silly get     'x-cache': 'HIT',
493 silly get     'x-cache-hits': '3',
493 silly get     'x-timer': 'S1492005502.979023,VS0,VE0',
493 silly get     vary: 'Accept-Encoding' } ]
494 verbose get saving content-type to C:\Users\Administrator\AppData\Roaming\npm-cache\registry.npmjs.org\content-type\.cache.json
495 verbose correctMkdir C:\Users\Administrator\AppData\Roaming\npm-cache correctMkdir not in flight; initializing
496 silly resolveWithNewModule finalhandler@1.0.1 checking installable status
497 silly cache add args [ 'finalhandler@~1.0.0', null ]
498 verbose cache add spec finalhandler@~1.0.0
499 silly cache add parsed spec Result {
499 silly cache add   raw: 'finalhandler@~1.0.0',
499 silly cache add   scope: null,
499 silly cache add   escapedName: 'finalhandler',
499 silly cache add   name: 'finalhandler',
499 silly cache add   rawSpec: '~1.0.0',
499 silly cache add   spec: '>=1.0.0 <1.1.0',
499 silly cache add   type: 'range' }
500 silly addNamed finalhandler@>=1.0.0 <1.1.0
501 verbose addNamed ">=1.0.0 <1.1.0" is a valid semver range for finalhandler
502 silly addNameRange { name: 'finalhandler', range: '>=1.0.0 <1.1.0', hasData: false }
503 silly mapToRegistry name finalhandler
504 silly mapToRegistry using default registry
505 silly mapToRegistry registry https://registry.npmjs.org/
506 silly mapToRegistry data Result {
506 silly mapToRegistry   raw: 'finalhandler',
506 silly mapToRegistry   scope: null,
506 silly mapToRegistry   escapedName: 'finalhandler',
506 silly mapToRegistry   name: 'finalhandler',
506 silly mapToRegistry   rawSpec: '',
506 silly mapToRegistry   spec: 'latest',
506 silly mapToRegistry   type: 'tag' }
507 silly mapToRegistry uri https://registry.npmjs.org/finalhandler
508 verbose addNameRange registry:https://registry.npmjs.org/finalhandler not in flight; fetching
509 http 200 https://registry.npmjs.org/etag
510 verbose headers { server: 'nginx/1.4.6 (Ubuntu)',
510 verbose headers   'content-type': 'application/json',
510 verbose headers   'last-modified': 'Fri, 31 Mar 2017 18:40:40 GMT',
510 verbose headers   'content-encoding': 'gzip',
510 verbose headers   'cache-control': 'max-age=300',
510 verbose headers   'content-length': '4080',
510 verbose headers   'accept-ranges': 'bytes',
510 verbose headers   date: 'Wed, 12 Apr 2017 13:58:21 GMT',
510 verbose headers   via: '1.1 varnish',
510 verbose headers   age: '105',
510 verbose headers   connection: 'keep-alive',
510 verbose headers   'x-served-by': 'cache-hkg6821-HKG',
510 verbose headers   'x-cache': 'HIT',
510 verbose headers   'x-cache-hits': '5',
510 verbose headers   'x-timer': 'S1492005502.980141,VS0,VE0',
510 verbose headers   vary: 'Accept-Encoding' }
511 silly get cb [ 200,
511 silly get   { server: 'nginx/1.4.6 (Ubuntu)',
511 silly get     'content-type': 'application/json',
511 silly get     'last-modified': 'Fri, 31 Mar 2017 18:40:40 GMT',
511 silly get     'content-encoding': 'gzip',
511 silly get     'cache-control': 'max-age=300',
511 silly get     'content-length': '4080',
511 silly get     'accept-ranges': 'bytes',
511 silly get     date: 'Wed, 12 Apr 2017 13:58:21 GMT',
511 silly get     via: '1.1 varnish',
511 silly get     age: '105',
511 silly get     connection: 'keep-alive',
511 silly get     'x-served-by': 'cache-hkg6821-HKG',
511 silly get     'x-cache': 'HIT',
511 silly get     'x-cache-hits': '5',
511 silly get     'x-timer': 'S1492005502.980141,VS0,VE0',
511 silly get     vary: 'Accept-Encoding' } ]
512 verbose get saving etag to C:\Users\Administrator\AppData\Roaming\npm-cache\registry.npmjs.org\etag\.cache.json
513 verbose correctMkdir C:\Users\Administrator\AppData\Roaming\npm-cache correctMkdir not in flight; initializing
514 silly resolveWithNewModule proxy-addr@1.1.4 checking installable status
515 silly cache add args [ 'proxy-addr@~1.1.3', null ]
516 verbose cache add spec proxy-addr@~1.1.3
517 silly cache add parsed spec Result {
517 silly cache add   raw: 'proxy-addr@~1.1.3',
517 silly cache add   scope: null,
517 silly cache add   escapedName: 'proxy-addr',
517 silly cache add   name: 'proxy-addr',
517 silly cache add   rawSpec: '~1.1.3',
517 silly cache add   spec: '>=1.1.3 <1.2.0',
517 silly cache add   type: 'range' }
518 silly addNamed proxy-addr@>=1.1.3 <1.2.0
519 verbose addNamed ">=1.1.3 <1.2.0" is a valid semver range for proxy-addr
520 silly addNameRange { name: 'proxy-addr', range: '>=1.1.3 <1.2.0', hasData: false }
521 silly mapToRegistry name proxy-addr
522 silly mapToRegistry using default registry
523 silly mapToRegistry registry https://registry.npmjs.org/
524 silly mapToRegistry data Result {
524 silly mapToRegistry   raw: 'proxy-addr',
524 silly mapToRegistry   scope: null,
524 silly mapToRegistry   escapedName: 'proxy-addr',
524 silly mapToRegistry   name: 'proxy-addr',
524 silly mapToRegistry   rawSpec: '',
524 silly mapToRegistry   spec: 'latest',
524 silly mapToRegistry   type: 'tag' }
525 silly mapToRegistry uri https://registry.npmjs.org/proxy-addr
526 verbose addNameRange registry:https://registry.npmjs.org/proxy-addr not in flight; fetching
527 verbose get https://registry.npmjs.org/finalhandler not expired, no request
528 silly addNameRange number 2 { name: 'finalhandler', range: '>=1.0.0 <1.1.0', hasData: true }
529 silly addNameRange versions [ 'finalhandler',
529 silly addNameRange   [ '0.0.0',
529 silly addNameRange     '0.0.1',
529 silly addNameRange     '0.0.2',
529 silly addNameRange     '0.0.3',
529 silly addNameRange     '0.1.0',
529 silly addNameRange     '0.2.0',
529 silly addNameRange     '0.3.0',
529 silly addNameRange     '0.3.1',
529 silly addNameRange     '0.3.2',
529 silly addNameRange     '0.3.3',
529 silly addNameRange     '0.3.4',
529 silly addNameRange     '0.3.5',
529 silly addNameRange     '0.3.6',
529 silly addNameRange     '0.4.0',
529 silly addNameRange     '0.4.1',
529 silly addNameRange     '0.5.0',
529 silly addNameRange     '0.5.1',
529 silly addNameRange     '1.0.0',
529 silly addNameRange     '1.0.1' ] ]
530 silly addNamed finalhandler@1.0.1
531 verbose addNamed "1.0.1" is a plain semver version for finalhandler
532 silly mapToRegistry name finalhandler
533 silly mapToRegistry using default registry
534 silly mapToRegistry registry https://registry.npmjs.org/
535 silly mapToRegistry data Result {
535 silly mapToRegistry   raw: 'finalhandler',
535 silly mapToRegistry   scope: null,
535 silly mapToRegistry   escapedName: 'finalhandler',
535 silly mapToRegistry   name: 'finalhandler',
535 silly mapToRegistry   rawSpec: '',
535 silly mapToRegistry   spec: 'latest',
535 silly mapToRegistry   type: 'tag' }
536 silly mapToRegistry uri https://registry.npmjs.org/finalhandler
537 verbose addRemoteTarball https://registry.npmjs.org/finalhandler/-/finalhandler-1.0.1.tgz not in flight; adding
538 verbose addRemoteTarball [ 'https://registry.npmjs.org/finalhandler/-/finalhandler-1.0.1.tgz',
538 verbose addRemoteTarball   'bcd15d1689c0e5ed729b6f7f541a6df984117db8' ]
539 http 200 https://registry.npmjs.org/encodeurl
540 verbose headers { server: 'nginx/1.10.1',
540 verbose headers   'content-type': 'application/json',
540 verbose headers   'last-modified': 'Tue, 01 Nov 2016 17:19:33 GMT',
540 verbose headers   etag: 'W/"5818cea5-1eec"',
540 verbose headers   'content-encoding': 'gzip',
540 verbose headers   'cache-control': 'max-age=300',
540 verbose headers   'content-length': '2447',
540 verbose headers   'accept-ranges': 'bytes',
540 verbose headers   date: 'Wed, 12 Apr 2017 13:58:21 GMT',
540 verbose headers   via: '1.1 varnish',
540 verbose headers   age: '116',
540 verbose headers   connection: 'keep-alive',
540 verbose headers   'x-served-by': 'cache-hkg6822-HKG',
540 verbose headers   'x-cache': 'HIT',
540 verbose headers   'x-cache-hits': '3',
540 verbose headers   'x-timer': 'S1492005502.983838,VS0,VE0',
540 verbose headers   vary: 'Accept-Encoding' }
541 silly get cb [ 200,
541 silly get   { server: 'nginx/1.10.1',
541 silly get     'content-type': 'application/json',
541 silly get     'last-modified': 'Tue, 01 Nov 2016 17:19:33 GMT',
541 silly get     etag: 'W/"5818cea5-1eec"',
541 silly get     'content-encoding': 'gzip',
541 silly get     'cache-control': 'max-age=300',
541 silly get     'content-length': '2447',
541 silly get     'accept-ranges': 'bytes',
541 silly get     date: 'Wed, 12 Apr 2017 13:58:21 GMT',
541 silly get     via: '1.1 varnish',
541 silly get     age: '116',
541 silly get     connection: 'keep-alive',
541 silly get     'x-served-by': 'cache-hkg6822-HKG',
541 silly get     'x-cache': 'HIT',
541 silly get     'x-cache-hits': '3',
541 silly get     'x-timer': 'S1492005502.983838,VS0,VE0',
541 silly get     vary: 'Accept-Encoding' } ]
542 verbose get saving encodeurl to C:\Users\Administrator\AppData\Roaming\npm-cache\registry.npmjs.org\encodeurl\.cache.json
543 verbose correctMkdir C:\Users\Administrator\AppData\Roaming\npm-cache correctMkdir not in flight; initializing
544 http 200 https://registry.npmjs.org/merge-descriptors
545 verbose headers { server: 'nginx/1.10.1',
545 verbose headers   'content-type': 'application/json',
545 verbose headers   'last-modified': 'Tue, 21 Mar 2017 15:50:47 GMT',
545 verbose headers   etag: 'W/"58d14bd7-25dd"',
545 verbose headers   'content-encoding': 'gzip',
545 verbose headers   'cache-control': 'max-age=300',
545 verbose headers   'content-length': '2084',
545 verbose headers   'accept-ranges': 'bytes',
545 verbose headers   date: 'Wed, 12 Apr 2017 13:58:21 GMT',
545 verbose headers   via: '1.1 varnish',
545 verbose headers   age: '255',
545 verbose headers   connection: 'keep-alive',
545 verbose headers   'x-served-by': 'cache-hkg6822-HKG',
545 verbose headers   'x-cache': 'HIT',
545 verbose headers   'x-cache-hits': '37',
545 verbose headers   'x-timer': 'S1492005502.985145,VS0,VE0',
545 verbose headers   vary: 'Accept-Encoding' }
546 silly get cb [ 200,
546 silly get   { server: 'nginx/1.10.1',
546 silly get     'content-type': 'application/json',
546 silly get     'last-modified': 'Tue, 21 Mar 2017 15:50:47 GMT',
546 silly get     etag: 'W/"58d14bd7-25dd"',
546 silly get     'content-encoding': 'gzip',
546 silly get     'cache-control': 'max-age=300',
546 silly get     'content-length': '2084',
546 silly get     'accept-ranges': 'bytes',
546 silly get     date: 'Wed, 12 Apr 2017 13:58:21 GMT',
546 silly get     via: '1.1 varnish',
546 silly get     age: '255',
546 silly get     connection: 'keep-alive',
546 silly get     'x-served-by': 'cache-hkg6822-HKG',
546 silly get     'x-cache': 'HIT',
546 silly get     'x-cache-hits': '37',
546 silly get     'x-timer': 'S1492005502.985145,VS0,VE0',
546 silly get     vary: 'Accept-Encoding' } ]
547 verbose get saving merge-descriptors to C:\Users\Administrator\AppData\Roaming\npm-cache\registry.npmjs.org\merge-descriptors\.cache.json
548 verbose correctMkdir C:\Users\Administrator\AppData\Roaming\npm-cache correctMkdir not in flight; initializing
549 verbose get https://registry.npmjs.org/proxy-addr not expired, no request
550 silly addNameRange number 2 { name: 'proxy-addr', range: '>=1.1.3 <1.2.0', hasData: true }
551 silly addNameRange versions [ 'proxy-addr',
551 silly addNameRange   [ '0.0.0',
551 silly addNameRange     '0.0.1',
551 silly addNameRange     '1.0.0',
551 silly addNameRange     '1.0.1',
551 silly addNameRange     '1.0.2',
551 silly addNameRange     '1.0.3',
551 silly addNameRange     '1.0.4',
551 silly addNameRange     '1.0.5',
551 silly addNameRange     '1.0.6',
551 silly addNameRange     '1.0.7',
551 silly addNameRange     '1.0.8',
551 silly addNameRange     '1.0.9',
551 silly addNameRange     '1.0.10',
551 silly addNameRange     '1.1.0',
551 silly addNameRange     '1.1.1',
551 silly addNameRange     '1.1.2',
551 silly addNameRange     '1.1.3',
551 silly addNameRange     '1.1.4' ] ]
552 silly addNamed proxy-addr@1.1.4
553 verbose addNamed "1.1.4" is a plain semver version for proxy-addr
554 info retry fetch attempt 1 at 21:58:13
555 info attempt registry request try #1 at 21:58:13
556 http fetch GET https://registry.npmjs.org/finalhandler/-/finalhandler-1.0.1.tgz
557 silly resolveWithNewModule content-type@1.0.2 checking installable status
558 silly cache add args [ 'content-type@~1.0.2', null ]
559 verbose cache add spec content-type@~1.0.2
560 silly cache add parsed spec Result {
560 silly cache add   raw: 'content-type@~1.0.2',
560 silly cache add   scope: null,
560 silly cache add   escapedName: 'content-type',
560 silly cache add   name: 'content-type',
560 silly cache add   rawSpec: '~1.0.2',
560 silly cache add   spec: '>=1.0.2 <1.1.0',
560 silly cache add   type: 'range' }
561 silly addNamed content-type@>=1.0.2 <1.1.0
562 verbose addNamed ">=1.0.2 <1.1.0" is a valid semver range for content-type
563 silly addNameRange { name: 'content-type', range: '>=1.0.2 <1.1.0', hasData: false }
564 silly mapToRegistry name content-type
565 silly mapToRegistry using default registry
566 silly mapToRegistry registry https://registry.npmjs.org/
567 silly mapToRegistry data Result {
567 silly mapToRegistry   raw: 'content-type',
567 silly mapToRegistry   scope: null,
567 silly mapToRegistry   escapedName: 'content-type',
567 silly mapToRegistry   name: 'content-type',
567 silly mapToRegistry   rawSpec: '',
567 silly mapToRegistry   spec: 'latest',
567 silly mapToRegistry   type: 'tag' }
568 silly mapToRegistry uri https://registry.npmjs.org/content-type
569 verbose addNameRange registry:https://registry.npmjs.org/content-type not in flight; fetching
570 silly mapToRegistry name proxy-addr
571 silly mapToRegistry using default registry
572 silly mapToRegistry registry https://registry.npmjs.org/
573 silly mapToRegistry data Result {
573 silly mapToRegistry   raw: 'proxy-addr',
573 silly mapToRegistry   scope: null,
573 silly mapToRegistry   escapedName: 'proxy-addr',
573 silly mapToRegistry   name: 'proxy-addr',
573 silly mapToRegistry   rawSpec: '',
573 silly mapToRegistry   spec: 'latest',
573 silly mapToRegistry   type: 'tag' }
574 silly mapToRegistry uri https://registry.npmjs.org/proxy-addr
575 verbose addRemoteTarball https://registry.npmjs.org/proxy-addr/-/proxy-addr-1.1.4.tgz not in flight; adding
576 verbose addRemoteTarball [ 'https://registry.npmjs.org/proxy-addr/-/proxy-addr-1.1.4.tgz',
576 verbose addRemoteTarball   '27e545f6960a44a627d9b44467e35c1b6b4ce2f3' ]
577 verbose get https://registry.npmjs.org/content-type not expired, no request
578 silly addNameRange number 2 { name: 'content-type', range: '>=1.0.2 <1.1.0', hasData: true }
579 silly addNameRange versions [ 'content-type', [ '0.0.1', '1.0.0', '1.0.1', '1.0.2' ] ]
580 silly addNamed content-type@1.0.2
581 verbose addNamed "1.0.2" is a plain semver version for content-type
582 info retry fetch attempt 1 at 21:58:13
583 info attempt registry request try #1 at 21:58:13
584 http fetch GET https://registry.npmjs.org/proxy-addr/-/proxy-addr-1.1.4.tgz
585 silly resolveWithNewModule etag@1.8.0 checking installable status
586 silly cache add args [ 'etag@~1.8.0', null ]
587 verbose cache add spec etag@~1.8.0
588 silly cache add parsed spec Result {
588 silly cache add   raw: 'etag@~1.8.0',
588 silly cache add   scope: null,
588 silly cache add   escapedName: 'etag',
588 silly cache add   name: 'etag',
588 silly cache add   rawSpec: '~1.8.0',
588 silly cache add   spec: '>=1.8.0 <1.9.0',
588 silly cache add   type: 'range' }
589 silly addNamed etag@>=1.8.0 <1.9.0
590 verbose addNamed ">=1.8.0 <1.9.0" is a valid semver range for etag
591 silly addNameRange { name: 'etag', range: '>=1.8.0 <1.9.0', hasData: false }
592 silly mapToRegistry name etag
593 silly mapToRegistry using default registry
594 silly mapToRegistry registry https://registry.npmjs.org/
595 silly mapToRegistry data Result {
595 silly mapToRegistry   raw: 'etag',
595 silly mapToRegistry   scope: null,
595 silly mapToRegistry   escapedName: 'etag',
595 silly mapToRegistry   name: 'etag',
595 silly mapToRegistry   rawSpec: '',
595 silly mapToRegistry   spec: 'latest',
595 silly mapToRegistry   type: 'tag' }
596 silly mapToRegistry uri https://registry.npmjs.org/etag
597 verbose addNameRange registry:https://registry.npmjs.org/etag not in flight; fetching
598 silly mapToRegistry name content-type
599 silly mapToRegistry using default registry
600 silly mapToRegistry registry https://registry.npmjs.org/
601 silly mapToRegistry data Result {
601 silly mapToRegistry   raw: 'content-type',
601 silly mapToRegistry   scope: null,
601 silly mapToRegistry   escapedName: 'content-type',
601 silly mapToRegistry   name: 'content-type',
601 silly mapToRegistry   rawSpec: '',
601 silly mapToRegistry   spec: 'latest',
601 silly mapToRegistry   type: 'tag' }
602 silly mapToRegistry uri https://registry.npmjs.org/content-type
603 verbose addRemoteTarball https://registry.npmjs.org/content-type/-/content-type-1.0.2.tgz not in flight; adding
604 verbose addRemoteTarball [ 'https://registry.npmjs.org/content-type/-/content-type-1.0.2.tgz',
604 verbose addRemoteTarball   'b7d113aee7a8dd27bd21133c4dc2529df1721eed' ]
605 silly resolveWithNewModule encodeurl@1.0.1 checking installable status
606 silly cache add args [ 'encodeurl@~1.0.1', null ]
607 verbose cache add spec encodeurl@~1.0.1
608 silly cache add parsed spec Result {
608 silly cache add   raw: 'encodeurl@~1.0.1',
608 silly cache add   scope: null,
608 silly cache add   escapedName: 'encodeurl',
608 silly cache add   name: 'encodeurl',
608 silly cache add   rawSpec: '~1.0.1',
608 silly cache add   spec: '>=1.0.1 <1.1.0',
608 silly cache add   type: 'range' }
609 silly addNamed encodeurl@>=1.0.1 <1.1.0
610 verbose addNamed ">=1.0.1 <1.1.0" is a valid semver range for encodeurl
611 silly addNameRange { name: 'encodeurl', range: '>=1.0.1 <1.1.0', hasData: false }
612 silly mapToRegistry name encodeurl
613 silly mapToRegistry using default registry
614 silly mapToRegistry registry https://registry.npmjs.org/
615 silly mapToRegistry data Result {
615 silly mapToRegistry   raw: 'encodeurl',
615 silly mapToRegistry   scope: null,
615 silly mapToRegistry   escapedName: 'encodeurl',
615 silly mapToRegistry   name: 'encodeurl',
615 silly mapToRegistry   rawSpec: '',
615 silly mapToRegistry   spec: 'latest',
615 silly mapToRegistry   type: 'tag' }
616 silly mapToRegistry uri https://registry.npmjs.org/encodeurl
617 verbose addNameRange registry:https://registry.npmjs.org/encodeurl not in flight; fetching
618 silly resolveWithNewModule merge-descriptors@1.0.1 checking installable status
619 silly cache add args [ 'merge-descriptors@1.0.1', null ]
620 verbose cache add spec merge-descriptors@1.0.1
621 silly cache add parsed spec Result {
621 silly cache add   raw: 'merge-descriptors@1.0.1',
621 silly cache add   scope: null,
621 silly cache add   escapedName: 'merge-descriptors',
621 silly cache add   name: 'merge-descriptors',
621 silly cache add   rawSpec: '1.0.1',
621 silly cache add   spec: '1.0.1',
621 silly cache add   type: 'version' }
622 silly addNamed merge-descriptors@1.0.1
623 verbose addNamed "1.0.1" is a plain semver version for merge-descriptors
624 silly mapToRegistry name merge-descriptors
625 silly mapToRegistry using default registry
626 silly mapToRegistry registry https://registry.npmjs.org/
627 silly mapToRegistry data Result {
627 silly mapToRegistry   raw: 'merge-descriptors',
627 silly mapToRegistry   scope: null,
627 silly mapToRegistry   escapedName: 'merge-descriptors',
627 silly mapToRegistry   name: 'merge-descriptors',
627 silly mapToRegistry   rawSpec: '',
627 silly mapToRegistry   spec: 'latest',
627 silly mapToRegistry   type: 'tag' }
628 silly mapToRegistry uri https://registry.npmjs.org/merge-descriptors
629 verbose addNameVersion registry:https://registry.npmjs.org/merge-descriptors not in flight; fetching
630 verbose get https://registry.npmjs.org/etag not expired, no request
631 silly addNameRange number 2 { name: 'etag', range: '>=1.8.0 <1.9.0', hasData: true }
632 silly addNameRange versions [ 'etag',
632 silly addNameRange   [ '1.0.0',
632 silly addNameRange     '1.0.1',
632 silly addNameRange     '1.1.0',
632 silly addNameRange     '1.2.0',
632 silly addNameRange     '1.2.1',
632 silly addNameRange     '1.3.0',
632 silly addNameRange     '1.3.1',
632 silly addNameRange     '1.4.0',
632 silly addNameRange     '1.5.0',
632 silly addNameRange     '1.5.1',
632 silly addNameRange     '1.6.0',
632 silly addNameRange     '1.7.0',
632 silly addNameRange     '1.8.0' ] ]
633 silly addNamed etag@1.8.0
634 verbose addNamed "1.8.0" is a plain semver version for etag
635 info retry fetch attempt 1 at 21:58:13
636 info attempt registry request try #1 at 21:58:13
637 http fetch GET https://registry.npmjs.org/content-type/-/content-type-1.0.2.tgz
638 silly mapToRegistry name etag
639 silly mapToRegistry using default registry
640 silly mapToRegistry registry https://registry.npmjs.org/
641 silly mapToRegistry data Result {
641 silly mapToRegistry   raw: 'etag',
641 silly mapToRegistry   scope: null,
641 silly mapToRegistry   escapedName: 'etag',
641 silly mapToRegistry   name: 'etag',
641 silly mapToRegistry   rawSpec: '',
641 silly mapToRegistry   spec: 'latest',
641 silly mapToRegistry   type: 'tag' }
642 silly mapToRegistry uri https://registry.npmjs.org/etag
643 verbose addRemoteTarball https://registry.npmjs.org/etag/-/etag-1.8.0.tgz not in flight; adding
644 verbose addRemoteTarball [ 'https://registry.npmjs.org/etag/-/etag-1.8.0.tgz',
644 verbose addRemoteTarball   '6f631aef336d6c46362b51764044ce216be3c051' ]
645 verbose get https://registry.npmjs.org/encodeurl not expired, no request
646 silly addNameRange number 2 { name: 'encodeurl', range: '>=1.0.1 <1.1.0', hasData: true }
647 silly addNameRange versions [ 'encodeurl', [ '1.0.0', '1.0.1' ] ]
648 silly addNamed encodeurl@1.0.1
649 verbose addNamed "1.0.1" is a plain semver version for encodeurl
650 verbose get https://registry.npmjs.org/merge-descriptors not expired, no request
651 silly mapToRegistry name encodeurl
652 silly mapToRegistry using default registry
653 silly mapToRegistry registry https://registry.npmjs.org/
654 silly mapToRegistry data Result {
654 silly mapToRegistry   raw: 'encodeurl',
654 silly mapToRegistry   scope: null,
654 silly mapToRegistry   escapedName: 'encodeurl',
654 silly mapToRegistry   name: 'encodeurl',
654 silly mapToRegistry   rawSpec: '',
654 silly mapToRegistry   spec: 'latest',
654 silly mapToRegistry   type: 'tag' }
655 silly mapToRegistry uri https://registry.npmjs.org/encodeurl
656 verbose addRemoteTarball https://registry.npmjs.org/encodeurl/-/encodeurl-1.0.1.tgz not in flight; adding
657 verbose addRemoteTarball [ 'https://registry.npmjs.org/encodeurl/-/encodeurl-1.0.1.tgz',
657 verbose addRemoteTarball   '79e3d58655346909fe6f0f45a5de68103b294d20' ]
658 silly mapToRegistry name merge-descriptors
659 silly mapToRegistry using default registry
660 silly mapToRegistry registry https://registry.npmjs.org/
661 silly mapToRegistry data Result {
661 silly mapToRegistry   raw: 'merge-descriptors',
661 silly mapToRegistry   scope: null,
661 silly mapToRegistry   escapedName: 'merge-descriptors',
661 silly mapToRegistry   name: 'merge-descriptors',
661 silly mapToRegistry   rawSpec: '',
661 silly mapToRegistry   spec: 'latest',
661 silly mapToRegistry   type: 'tag' }
662 silly mapToRegistry uri https://registry.npmjs.org/merge-descriptors
663 verbose addRemoteTarball https://registry.npmjs.org/merge-descriptors/-/merge-descriptors-1.0.1.tgz not in flight; adding
664 verbose addRemoteTarball [ 'https://registry.npmjs.org/merge-descriptors/-/merge-descriptors-1.0.1.tgz',
664 verbose addRemoteTarball   'b00aaa556dd8b44568150ec9d1b953f3f90cbb61' ]
665 http 200 https://registry.npmjs.org/accepts
666 verbose headers { server: 'nginx/1.10.1',
666 verbose headers   'content-type': 'application/json',
666 verbose headers   'last-modified': 'Mon, 06 Mar 2017 07:47:45 GMT',
666 verbose headers   etag: 'W/"58bd1421-db8f"',
666 verbose headers   'content-encoding': 'gzip',
666 verbose headers   'cache-control': 'max-age=300',
666 verbose headers   'content-length': '5897',
666 verbose headers   'accept-ranges': 'bytes',
666 verbose headers   date: 'Wed, 12 Apr 2017 13:58:21 GMT',
666 verbose headers   via: '1.1 varnish',
666 verbose headers   age: '193',
666 verbose headers   connection: 'keep-alive',
666 verbose headers   'x-served-by': 'cache-hkg6824-HKG',
666 verbose headers   'x-cache': 'HIT',
666 verbose headers   'x-cache-hits': '6',
666 verbose headers   'x-timer': 'S1492005501.415962,VS0,VE0',
666 verbose headers   vary: 'Accept-Encoding' }
667 silly get cb [ 200,
667 silly get   { server: 'nginx/1.10.1',
667 silly get     'content-type': 'application/json',
667 silly get     'last-modified': 'Mon, 06 Mar 2017 07:47:45 GMT',
667 silly get     etag: 'W/"58bd1421-db8f"',
667 silly get     'content-encoding': 'gzip',
667 silly get     'cache-control': 'max-age=300',
667 silly get     'content-length': '5897',
667 silly get     'accept-ranges': 'bytes',
667 silly get     date: 'Wed, 12 Apr 2017 13:58:21 GMT',
667 silly get     via: '1.1 varnish',
667 silly get     age: '193',
667 silly get     connection: 'keep-alive',
667 silly get     'x-served-by': 'cache-hkg6824-HKG',
667 silly get     'x-cache': 'HIT',
667 silly get     'x-cache-hits': '6',
667 silly get     'x-timer': 'S1492005501.415962,VS0,VE0',
667 silly get     vary: 'Accept-Encoding' } ]
668 verbose get saving accepts to C:\Users\Administrator\AppData\Roaming\npm-cache\registry.npmjs.org\accepts\.cache.json
669 verbose correctMkdir C:\Users\Administrator\AppData\Roaming\npm-cache correctMkdir not in flight; initializing
670 info retry fetch attempt 1 at 21:58:13
671 info attempt registry request try #1 at 21:58:13
672 http fetch GET https://registry.npmjs.org/etag/-/etag-1.8.0.tgz
673 info retry fetch attempt 1 at 21:58:13
674 info attempt registry request try #1 at 21:58:13
675 http fetch GET https://registry.npmjs.org/encodeurl/-/encodeurl-1.0.1.tgz
676 info retry fetch attempt 1 at 21:58:13
677 info attempt registry request try #1 at 21:58:13
678 http fetch GET https://registry.npmjs.org/merge-descriptors/-/merge-descriptors-1.0.1.tgz
679 silly resolveWithNewModule accepts@1.3.3 checking installable status
680 silly cache add args [ 'accepts@~1.3.3', null ]
681 verbose cache add spec accepts@~1.3.3
682 silly cache add parsed spec Result {
682 silly cache add   raw: 'accepts@~1.3.3',
682 silly cache add   scope: null,
682 silly cache add   escapedName: 'accepts',
682 silly cache add   name: 'accepts',
682 silly cache add   rawSpec: '~1.3.3',
682 silly cache add   spec: '>=1.3.3 <1.4.0',
682 silly cache add   type: 'range' }
683 silly addNamed accepts@>=1.3.3 <1.4.0
684 verbose addNamed ">=1.3.3 <1.4.0" is a valid semver range for accepts
685 silly addNameRange { name: 'accepts', range: '>=1.3.3 <1.4.0', hasData: false }
686 silly mapToRegistry name accepts
687 silly mapToRegistry using default registry
688 silly mapToRegistry registry https://registry.npmjs.org/
689 silly mapToRegistry data Result {
689 silly mapToRegistry   raw: 'accepts',
689 silly mapToRegistry   scope: null,
689 silly mapToRegistry   escapedName: 'accepts',
689 silly mapToRegistry   name: 'accepts',
689 silly mapToRegistry   rawSpec: '',
689 silly mapToRegistry   spec: 'latest',
689 silly mapToRegistry   type: 'tag' }
690 silly mapToRegistry uri https://registry.npmjs.org/accepts
691 verbose addNameRange registry:https://registry.npmjs.org/accepts not in flight; fetching
692 http 200 https://registry.npmjs.org/methods
693 verbose headers { server: 'nginx/1.10.1',
693 verbose headers   'content-type': 'application/json',
693 verbose headers   'last-modified': 'Thu, 23 Feb 2017 18:16:43 GMT',
693 verbose headers   etag: 'W/"58af270b-28c6"',
693 verbose headers   'content-encoding': 'gzip',
693 verbose headers   'cache-control': 'max-age=300',
693 verbose headers   'content-length': '2363',
693 verbose headers   'accept-ranges': 'bytes',
693 verbose headers   date: 'Wed, 12 Apr 2017 13:58:22 GMT',
693 verbose headers   via: '1.1 varnish',
693 verbose headers   age: '194',
693 verbose headers   connection: 'keep-alive',
693 verbose headers   'x-served-by': 'cache-hkg6824-HKG',
693 verbose headers   'x-cache': 'HIT',
693 verbose headers   'x-cache-hits': '4',
693 verbose headers   'x-timer': 'S1492005502.108366,VS0,VE0',
693 verbose headers   vary: 'Accept-Encoding' }
694 silly get cb [ 200,
694 silly get   { server: 'nginx/1.10.1',
694 silly get     'content-type': 'application/json',
694 silly get     'last-modified': 'Thu, 23 Feb 2017 18:16:43 GMT',
694 silly get     etag: 'W/"58af270b-28c6"',
694 silly get     'content-encoding': 'gzip',
694 silly get     'cache-control': 'max-age=300',
694 silly get     'content-length': '2363',
694 silly get     'accept-ranges': 'bytes',
694 silly get     date: 'Wed, 12 Apr 2017 13:58:22 GMT',
694 silly get     via: '1.1 varnish',
694 silly get     age: '194',
694 silly get     connection: 'keep-alive',
694 silly get     'x-served-by': 'cache-hkg6824-HKG',
694 silly get     'x-cache': 'HIT',
694 silly get     'x-cache-hits': '4',
694 silly get     'x-timer': 'S1492005502.108366,VS0,VE0',
694 silly get     vary: 'Accept-Encoding' } ]
695 verbose get saving methods to C:\Users\Administrator\AppData\Roaming\npm-cache\registry.npmjs.org\methods\.cache.json
696 verbose correctMkdir C:\Users\Administrator\AppData\Roaming\npm-cache correctMkdir not in flight; initializing
697 verbose get https://registry.npmjs.org/accepts not expired, no request
698 silly addNameRange number 2 { name: 'accepts', range: '>=1.3.3 <1.4.0', hasData: true }
699 silly addNameRange versions [ 'accepts',
699 silly addNameRange   [ '1.0.0',
699 silly addNameRange     '1.0.1',
699 silly addNameRange     '1.0.2',
699 silly addNameRange     '1.0.3',
699 silly addNameRange     '1.0.4',
699 silly addNameRange     '1.0.5',
699 silly addNameRange     '1.0.6',
699 silly addNameRange     '1.0.7',
699 silly addNameRange     '1.1.0',
699 silly addNameRange     '1.1.1',
699 silly addNameRange     '1.1.2',
699 silly addNameRange     '1.1.3',
699 silly addNameRange     '1.1.4',
699 silly addNameRange     '1.2.0',
699 silly addNameRange     '1.2.1',
699 silly addNameRange     '1.2.2',
699 silly addNameRange     '1.2.3',
699 silly addNameRange     '1.2.4',
699 silly addNameRange     '1.2.5',
699 silly addNameRange     '1.2.6',
699 silly addNameRange     '1.2.7',
699 silly addNameRange     '1.2.8',
699 silly addNameRange     '1.2.9',
699 silly addNameRange     '1.2.10',
699 silly addNameRange     '1.2.11',
699 silly addNameRange     '1.2.12',
699 silly addNameRange     '1.2.13',
699 silly addNameRange     '1.3.0',
699 silly addNameRange     '1.3.1',
699 silly addNameRange     '1.3.2',
699 silly addNameRange     '1.3.3' ] ]
700 silly addNamed accepts@1.3.3
701 verbose addNamed "1.3.3" is a plain semver version for accepts
702 silly mapToRegistry name accepts
703 silly mapToRegistry using default registry
704 silly mapToRegistry registry https://registry.npmjs.org/
705 silly mapToRegistry data Result {
705 silly mapToRegistry   raw: 'accepts',
705 silly mapToRegistry   scope: null,
705 silly mapToRegistry   escapedName: 'accepts',
705 silly mapToRegistry   name: 'accepts',
705 silly mapToRegistry   rawSpec: '',
705 silly mapToRegistry   spec: 'latest',
705 silly mapToRegistry   type: 'tag' }
706 silly mapToRegistry uri https://registry.npmjs.org/accepts
707 verbose addRemoteTarball https://registry.npmjs.org/accepts/-/accepts-1.3.3.tgz not in flight; adding
708 verbose addRemoteTarball [ 'https://registry.npmjs.org/accepts/-/accepts-1.3.3.tgz',
708 verbose addRemoteTarball   'c3ca7434938648c3e0d9c1e328dd68b622c284ca' ]
709 info retry fetch attempt 1 at 21:58:13
710 info attempt registry request try #1 at 21:58:13
711 http fetch GET https://registry.npmjs.org/accepts/-/accepts-1.3.3.tgz
712 silly resolveWithNewModule methods@1.1.2 checking installable status
713 silly cache add args [ 'methods@~1.1.2', null ]
714 verbose cache add spec methods@~1.1.2
715 silly cache add parsed spec Result {
715 silly cache add   raw: 'methods@~1.1.2',
715 silly cache add   scope: null,
715 silly cache add   escapedName: 'methods',
715 silly cache add   name: 'methods',
715 silly cache add   rawSpec: '~1.1.2',
715 silly cache add   spec: '>=1.1.2 <1.2.0',
715 silly cache add   type: 'range' }
716 silly addNamed methods@>=1.1.2 <1.2.0
717 verbose addNamed ">=1.1.2 <1.2.0" is a valid semver range for methods
718 silly addNameRange { name: 'methods', range: '>=1.1.2 <1.2.0', hasData: false }
719 silly mapToRegistry name methods
720 silly mapToRegistry using default registry
721 silly mapToRegistry registry https://registry.npmjs.org/
722 silly mapToRegistry data Result {
722 silly mapToRegistry   raw: 'methods',
722 silly mapToRegistry   scope: null,
722 silly mapToRegistry   escapedName: 'methods',
722 silly mapToRegistry   name: 'methods',
722 silly mapToRegistry   rawSpec: '',
722 silly mapToRegistry   spec: 'latest',
722 silly mapToRegistry   type: 'tag' }
723 silly mapToRegistry uri https://registry.npmjs.org/methods
724 verbose addNameRange registry:https://registry.npmjs.org/methods not in flight; fetching
725 verbose get https://registry.npmjs.org/methods not expired, no request
726 silly addNameRange number 2 { name: 'methods', range: '>=1.1.2 <1.2.0', hasData: true }
727 silly addNameRange versions [ 'methods',
727 silly addNameRange   [ '0.0.1', '0.1.0', '1.0.0', '1.0.1', '1.1.0', '1.1.1', '1.1.2' ] ]
728 silly addNamed methods@1.1.2
729 verbose addNamed "1.1.2" is a plain semver version for methods
730 silly mapToRegistry name methods
731 silly mapToRegistry using default registry
732 silly mapToRegistry registry https://registry.npmjs.org/
733 silly mapToRegistry data Result {
733 silly mapToRegistry   raw: 'methods',
733 silly mapToRegistry   scope: null,
733 silly mapToRegistry   escapedName: 'methods',
733 silly mapToRegistry   name: 'methods',
733 silly mapToRegistry   rawSpec: '',
733 silly mapToRegistry   spec: 'latest',
733 silly mapToRegistry   type: 'tag' }
734 silly mapToRegistry uri https://registry.npmjs.org/methods
735 verbose addRemoteTarball https://registry.npmjs.org/methods/-/methods-1.1.2.tgz not in flight; adding
736 verbose addRemoteTarball [ 'https://registry.npmjs.org/methods/-/methods-1.1.2.tgz',
736 verbose addRemoteTarball   '5529a4d67654134edcc5266656835b0f851afcee' ]
737 info retry fetch attempt 1 at 21:58:13
738 info attempt registry request try #1 at 21:58:13
739 http fetch GET https://registry.npmjs.org/methods/-/methods-1.1.2.tgz
740 http fetch 200 https://registry.npmjs.org/vary/-/vary-1.1.1.tgz
741 silly fetchAndShaCheck shasum 67535ebb694c1d52257457984665323f587e8d37
742 verbose addTmpTarball C:\Users\ADMINI~1\AppData\Local\Temp\npm-6948-8a21743c\registry.npmjs.org\vary\-\vary-1.1.1.tgz not in flight; adding
743 verbose addTmpTarball already have metadata; skipping unpack for vary@1.1.1
744 verbose correctMkdir C:\Users\Administrator\AppData\Roaming\npm-cache correctMkdir not in flight; initializing
745 silly cache afterAdd vary@1.1.1
746 verbose afterAdd C:\Users\Administrator\AppData\Roaming\npm-cache\vary\1.1.1\package\package.json not in flight; writing
747 verbose correctMkdir C:\Users\Administrator\AppData\Roaming\npm-cache correctMkdir not in flight; initializing
748 verbose afterAdd C:\Users\Administrator\AppData\Roaming\npm-cache\vary\1.1.1\package\package.json written
749 http fetch 200 https://registry.npmjs.org/escape-html/-/escape-html-1.0.3.tgz
750 silly fetchAndShaCheck shasum 0258eae4d3d0c0974de1c169188ef0051d1d1988
751 verbose addTmpTarball C:\Users\ADMINI~1\AppData\Local\Temp\npm-6948-8a21743c\registry.npmjs.org\escape-html\-\escape-html-1.0.3.tgz not in flight; adding
752 verbose addTmpTarball already have metadata; skipping unpack for escape-html@1.0.3
753 verbose correctMkdir C:\Users\Administrator\AppData\Roaming\npm-cache correctMkdir not in flight; initializing
754 silly cache afterAdd escape-html@1.0.3
755 verbose afterAdd C:\Users\Administrator\AppData\Roaming\npm-cache\escape-html\1.0.3\package\package.json not in flight; writing
756 verbose correctMkdir C:\Users\Administrator\AppData\Roaming\npm-cache correctMkdir not in flight; initializing
757 verbose afterAdd C:\Users\Administrator\AppData\Roaming\npm-cache\escape-html\1.0.3\package\package.json written
758 http fetch 200 https://registry.npmjs.org/send/-/send-0.15.1.tgz
759 http fetch 200 https://registry.npmjs.org/statuses/-/statuses-1.3.1.tgz
760 silly fetchAndShaCheck shasum faf51b9eb74aaef3b3acf4ad5f61abf24cb7b93e
761 verbose addTmpTarball C:\Users\ADMINI~1\AppData\Local\Temp\npm-6948-8a21743c\registry.npmjs.org\statuses\-\statuses-1.3.1.tgz not in flight; adding
762 verbose addTmpTarball already have metadata; skipping unpack for statuses@1.3.1
763 verbose correctMkdir C:\Users\Administrator\AppData\Roaming\npm-cache correctMkdir not in flight; initializing
764 silly cache afterAdd statuses@1.3.1
765 verbose afterAdd C:\Users\Administrator\AppData\Roaming\npm-cache\statuses\1.3.1\package\package.json not in flight; writing
766 verbose correctMkdir C:\Users\Administrator\AppData\Roaming\npm-cache correctMkdir not in flight; initializing
767 verbose afterAdd C:\Users\Administrator\AppData\Roaming\npm-cache\statuses\1.3.1\package\package.json written
768 silly fetchAndShaCheck shasum 8a02354c26e6f5cca700065f5f0cdeba90ec7b5f
769 verbose addTmpTarball C:\Users\ADMINI~1\AppData\Local\Temp\npm-6948-8a21743c\registry.npmjs.org\send\-\send-0.15.1.tgz not in flight; adding
770 verbose addTmpTarball already have metadata; skipping unpack for send@0.15.1
771 verbose correctMkdir C:\Users\Administrator\AppData\Roaming\npm-cache correctMkdir not in flight; initializing
772 silly cache afterAdd send@0.15.1
773 verbose afterAdd C:\Users\Administrator\AppData\Roaming\npm-cache\send\0.15.1\package\package.json not in flight; writing
774 verbose correctMkdir C:\Users\Administrator\AppData\Roaming\npm-cache correctMkdir not in flight; initializing
775 verbose afterAdd C:\Users\Administrator\AppData\Roaming\npm-cache\send\0.15.1\package\package.json written
776 http fetch 200 https://registry.npmjs.org/finalhandler/-/finalhandler-1.0.1.tgz
777 warn retry will retry, error on last attempt: Error: EBUSY: resource busy or locked, rename 'C:\Users\ADMINI~1\AppData\Local\Temp\npm-6948-8a21743c\registry.npmjs.org\finalhandler\-\finalhandler-1.0.1.tgz.125839562' -> 'C:\Users\ADMINI~1\AppData\Local\Temp\npm-6948-8a21743c\registry.npmjs.org\finalhandler\-\finalhandler-1.0.1.tgz'
778 verbose stack TypeError: tarball.destroy is not a function
778 verbose stack     at WriteStreamAtomic.<anonymous> (D:\Program Files\nodejs\node_modules\npm\lib\cache\add-remote-tarball.js:97:15)
778 verbose stack     at emitOne (events.js:101:20)
778 verbose stack     at WriteStreamAtomic.emit (events.js:188:7)
778 verbose stack     at WriteStreamAtomic.emit (D:\Program Files\nodejs\node_modules\npm\node_modules\fs-write-stream-atomic\index.js:60:34)
778 verbose stack     at D:\Program Files\nodejs\node_modules\npm\node_modules\fs-write-stream-atomic\index.js:89:19
778 verbose stack     at FSReqWrap.oncomplete (fs.js:123:15)
779 verbose cwd D:\project\documents\nodejs
780 error Windows_NT 6.1.7601
781 error argv "D:\\Program Files\\nodejs\\node.exe" "D:\\Program Files\\nodejs\\node_modules\\npm\\bin\\npm-cli.js" "install" "express"
782 error node v6.10.2
783 error npm  v3.10.10
784 error tarball.destroy is not a function
785 error If you need help, you may report this error at:
785 error     <https://github.com/npm/npm/issues>
786 verbose exit [ 1, true ]
