!SESSION 2017-03-21 19:43:23.749 -----------------------------------------------
eclipse.buildId=unknown
java.version=1.8.0_121
java.vendor=Oracle Corporation
BootLoader constants: OS=win32, ARCH=x86_64, WS=win32, NL=zh_CN
Command-line arguments:  -console

!ENTRY org.eclipse.osgi 4 0 2017-03-21 19:43:24.572
!MESSAGE Could not find bundle: org.eclipse.equinox.console
!STACK 0
org.osgi.framework.BundleException: Could not find bundle: org.eclipse.equinox.console
	at org.eclipse.core.runtime.internal.adaptor.ConsoleManager.checkForConsoleBundle(ConsoleManager.java:58)
	at org.eclipse.core.runtime.adaptor.EclipseStarter.startup(EclipseStarter.java:339)
	at org.eclipse.core.runtime.adaptor.EclipseStarter.run(EclipseStarter.java:239)
	at org.eclipse.core.runtime.adaptor.EclipseStarter.main(EclipseStarter.java:216)

!ENTRY org.eclipse.osgi 4 0 2017-03-21 19:43:24.598
!MESSAGE Application error
!STACK 1
java.lang.IllegalStateException: Unable to acquire application service. Ensure that the org.eclipse.core.runtime bundle is resolved and started (see config.ini).
	at org.eclipse.core.runtime.internal.adaptor.EclipseAppLauncher.start(EclipseAppLauncher.java:78)
	at org.eclipse.core.runtime.adaptor.EclipseStarter.run(EclipseStarter.java:388)
	at org.eclipse.core.runtime.adaptor.EclipseStarter.run(EclipseStarter.java:243)
	at org.eclipse.core.runtime.adaptor.EclipseStarter.main(EclipseStarter.java:216)
